2025-06-03T12:20:58.495+02:00  INFO 18716 --- [spring-boot-demo] [restartedMain] c.d.s.SpringBootDemoApplication          : Starting SpringBootDemoApplication using Java 21.0.6 with PID 18716 (D:\Develop\Curso El Arte de Spring Boot\spring-boot-demo\target\classes started by carlo in D:\Develop\Curso El Arte de Spring Boot\spring-boot-demo)
2025-06-03T12:20:58.506+02:00  INFO 18716 --- [spring-boot-demo] [restartedMain] c.d.s.SpringBootDemoApplication          : No active profile set, falling back to 1 default profile: "default"
2025-06-03T12:20:58.577+02:00  INFO 18716 --- [spring-boot-demo] [restartedMain] .e.DevToolsPropertyDefaultsPostProcessor : Devtools property defaults active! Set 'spring.devtools.add-properties' to 'false' to disable
2025-06-03T12:20:58.586+02:00  INFO 18716 --- [spring-boot-demo] [restartedMain] .e.DevToolsPropertyDefaultsPostProcessor : For additional web related logging consider setting the 'logging.level.web' property to 'DEBUG'
2025-06-03T12:20:59.976+02:00  INFO 18716 --- [spring-boot-demo] [restartedMain] o.s.b.w.embedded.tomcat.TomcatWebServer  : Tomcat initialized with port 9090 (http)
2025-06-03T12:21:00.007+02:00  INFO 18716 --- [spring-boot-demo] [restartedMain] o.apache.catalina.core.StandardService   : Starting service [Tomcat]
2025-06-03T12:21:00.013+02:00  INFO 18716 --- [spring-boot-demo] [restartedMain] o.apache.catalina.core.StandardEngine    : Starting Servlet engine: [Apache Tomcat/10.1.40]
2025-06-03T12:21:00.113+02:00  INFO 18716 --- [spring-boot-demo] [restartedMain] o.a.c.c.C.[.[localhost].[/stones]        : Initializing Spring embedded WebApplicationContext
2025-06-03T12:21:00.114+02:00  INFO 18716 --- [spring-boot-demo] [restartedMain] w.s.c.ServletWebServerApplicationContext : Root WebApplicationContext: initialization completed in 1526 ms
2025-06-03T12:21:00.272+02:00  WARN 18716 --- [spring-boot-demo] [restartedMain] c.d.s.utils.AvengerNotifier              : Attention new class created:com.debuggeandoideas.spring_boot_demo.services.GauntletServiceImpl
2025-06-03T12:21:00.281+02:00  INFO 18716 --- [spring-boot-demo] [restartedMain] c.d.s.components.ThanosComponent         : Loading Thanos with configs: ThanosModel(planet=Titan, galaxy=Andromeda, defaultDestructionLevel=788 )
2025-06-03T12:21:00.867+02:00  INFO 18716 --- [spring-boot-demo] [restartedMain] o.s.b.d.a.OptionalLiveReloadServer       : LiveReload server is running on port 35729
2025-06-03T12:21:00.948+02:00  INFO 18716 --- [spring-boot-demo] [restartedMain] o.s.b.w.embedded.tomcat.TomcatWebServer  : Tomcat started on port 9090 (http) with context path '/stones'
2025-06-03T12:21:00.963+02:00  INFO 18716 --- [spring-boot-demo] [restartedMain] c.d.s.SpringBootDemoApplication          : Started SpringBootDemoApplication in 3.105 seconds (process running for 4.713)
2025-06-03T12:21:01.104+02:00  INFO 18716 --- [spring-boot-demo] [restartedMain] c.d.s.components.ThanosComponent         : Thanos is using the gauntlet to perform snap in Lesotho
2025-06-03T12:21:01.104+02:00  INFO 18716 --- [spring-boot-demo] [restartedMain] c.d.s.services.GauntletServiceImpl       : USING ALL POWER
2025-06-03T12:21:01.105+02:00  INFO 18716 --- [spring-boot-demo] [restartedMain] c.d.s.components.ThanosComponent         : Thanos is get make danger points 52
2025-06-03T12:23:10.322+02:00  INFO 18716 --- [spring-boot-demo] [File Watcher] rtingClassPathChangeChangedEventListener : Restarting due to 1 class path change (0 additions, 0 deletions, 1 modification)
2025-06-03T12:23:10.327+02:00  INFO 18716 --- [spring-boot-demo] [Thread-5] o.s.b.w.e.tomcat.GracefulShutdown        : Commencing graceful shutdown. Waiting for active requests to complete
2025-06-03T12:23:10.343+02:00  INFO 18716 --- [spring-boot-demo] [tomcat-shutdown] o.s.b.w.e.tomcat.GracefulShutdown        : Graceful shutdown complete
2025-06-03T12:23:10.429+02:00  INFO 18716 --- [spring-boot-demo] [restartedMain] c.d.s.SpringBootDemoApplication          : Starting SpringBootDemoApplication using Java 21.0.6 with PID 18716 (D:\Develop\Curso El Arte de Spring Boot\spring-boot-demo\target\classes started by carlo in D:\Develop\Curso El Arte de Spring Boot\spring-boot-demo)
2025-06-03T12:23:10.430+02:00  INFO 18716 --- [spring-boot-demo] [restartedMain] c.d.s.SpringBootDemoApplication          : No active profile set, falling back to 1 default profile: "default"
2025-06-03T12:23:10.695+02:00  INFO 18716 --- [spring-boot-demo] [restartedMain] o.s.b.w.embedded.tomcat.TomcatWebServer  : Tomcat initialized with port 9090 (http)
2025-06-03T12:23:10.697+02:00  INFO 18716 --- [spring-boot-demo] [restartedMain] o.apache.catalina.core.StandardService   : Starting service [Tomcat]
2025-06-03T12:23:10.697+02:00  INFO 18716 --- [spring-boot-demo] [restartedMain] o.apache.catalina.core.StandardEngine    : Starting Servlet engine: [Apache Tomcat/10.1.40]
2025-06-03T12:23:10.719+02:00  INFO 18716 --- [spring-boot-demo] [restartedMain] o.a.c.c.C.[.[localhost].[/stones]        : Initializing Spring embedded WebApplicationContext
2025-06-03T12:23:10.720+02:00  INFO 18716 --- [spring-boot-demo] [restartedMain] w.s.c.ServletWebServerApplicationContext : Root WebApplicationContext: initialization completed in 285 ms
2025-06-03T12:23:10.742+02:00  WARN 18716 --- [spring-boot-demo] [restartedMain] c.d.s.utils.AvengerNotifier              : Attention new class created:com.debuggeandoideas.spring_boot_demo.services.GauntletServiceImpl
2025-06-03T12:23:10.745+02:00  INFO 18716 --- [spring-boot-demo] [restartedMain] c.d.s.components.ThanosComponent         : Loading Thanos with configs: ThanosModel(planet=Titan, galaxy=Andromeda, defaultDestructionLevel=788 )
2025-06-03T12:23:10.829+02:00  INFO 18716 --- [spring-boot-demo] [restartedMain] o.s.b.d.a.OptionalLiveReloadServer       : LiveReload server is running on port 35729
2025-06-03T12:23:10.842+02:00  INFO 18716 --- [spring-boot-demo] [restartedMain] o.s.b.w.embedded.tomcat.TomcatWebServer  : Tomcat started on port 9090 (http) with context path '/stones'
2025-06-03T12:23:10.846+02:00  INFO 18716 --- [spring-boot-demo] [restartedMain] c.d.s.SpringBootDemoApplication          : Started SpringBootDemoApplication in 0.453 seconds (process running for 134.596)
2025-06-03T12:23:10.861+02:00  INFO 18716 --- [spring-boot-demo] [restartedMain] c.d.s.components.ThanosComponent         : Thanos is using the gauntlet to perform snap in Luxembourg
2025-06-03T12:23:10.862+02:00  INFO 18716 --- [spring-boot-demo] [restartedMain] c.d.s.services.GauntletServiceImpl       : USING ALL POWER
2025-06-03T12:23:10.862+02:00  INFO 18716 --- [spring-boot-demo] [restartedMain] c.d.s.components.ThanosComponent         : Thanos is get make danger points 935
2025-06-03T12:23:10.866+02:00  INFO 18716 --- [spring-boot-demo] [restartedMain] .ConditionEvaluationDeltaLoggingListener : Condition evaluation unchanged
2025-06-03T12:23:28.663+02:00  INFO 18716 --- [spring-boot-demo] [File Watcher] rtingClassPathChangeChangedEventListener : Restarting due to 1 class path change (0 additions, 0 deletions, 1 modification)
2025-06-03T12:23:28.665+02:00  INFO 18716 --- [spring-boot-demo] [Thread-7] o.s.b.w.e.tomcat.GracefulShutdown        : Commencing graceful shutdown. Waiting for active requests to complete
2025-06-03T12:23:28.680+02:00  INFO 18716 --- [spring-boot-demo] [tomcat-shutdown] o.s.b.w.e.tomcat.GracefulShutdown        : Graceful shutdown complete
2025-06-03T12:23:28.793+02:00  INFO 18716 --- [spring-boot-demo] [restartedMain] c.d.s.SpringBootDemoApplication          : Starting SpringBootDemoApplication using Java 21.0.6 with PID 18716 (D:\Develop\Curso El Arte de Spring Boot\spring-boot-demo\target\classes started by carlo in D:\Develop\Curso El Arte de Spring Boot\spring-boot-demo)
2025-06-03T12:23:28.793+02:00  INFO 18716 --- [spring-boot-demo] [restartedMain] c.d.s.SpringBootDemoApplication          : No active profile set, falling back to 1 default profile: "default"
2025-06-03T12:23:29.172+02:00  INFO 18716 --- [spring-boot-demo] [restartedMain] o.s.b.w.embedded.tomcat.TomcatWebServer  : Tomcat initialized with port 9090 (http)
2025-06-03T12:23:29.173+02:00  INFO 18716 --- [spring-boot-demo] [restartedMain] o.apache.catalina.core.StandardService   : Starting service [Tomcat]
2025-06-03T12:23:29.174+02:00  INFO 18716 --- [spring-boot-demo] [restartedMain] o.apache.catalina.core.StandardEngine    : Starting Servlet engine: [Apache Tomcat/10.1.40]
2025-06-03T12:23:29.202+02:00  INFO 18716 --- [spring-boot-demo] [restartedMain] o.a.c.c.C.[.[localhost].[/stones]        : Initializing Spring embedded WebApplicationContext
2025-06-03T12:23:29.202+02:00  INFO 18716 --- [spring-boot-demo] [restartedMain] w.s.c.ServletWebServerApplicationContext : Root WebApplicationContext: initialization completed in 405 ms
2025-06-03T12:23:29.227+02:00  WARN 18716 --- [spring-boot-demo] [restartedMain] c.d.s.utils.AvengerNotifier              : Attention new class created:com.debuggeandoideas.spring_boot_demo.services.GauntletServiceImpl
2025-06-03T12:23:29.233+02:00  INFO 18716 --- [spring-boot-demo] [restartedMain] c.d.s.components.ThanosComponent         : Loading Thanos with configs: ThanosModel(planet=Titan, galaxy=Andromeda, defaultDestructionLevel=788 )
2025-06-03T12:23:29.234+02:00  WARN 18716 --- [spring-boot-demo] [restartedMain] c.d.s.utils.AvengerNotifier              : Attention new class created:com.debuggeandoideas.spring_boot_demo.components.ThanosComponent
2025-06-03T12:23:29.333+02:00  INFO 18716 --- [spring-boot-demo] [restartedMain] o.s.b.d.a.OptionalLiveReloadServer       : LiveReload server is running on port 35729
2025-06-03T12:23:29.344+02:00  INFO 18716 --- [spring-boot-demo] [restartedMain] o.s.b.w.embedded.tomcat.TomcatWebServer  : Tomcat started on port 9090 (http) with context path '/stones'
2025-06-03T12:23:29.350+02:00  INFO 18716 --- [spring-boot-demo] [restartedMain] c.d.s.SpringBootDemoApplication          : Started SpringBootDemoApplication in 0.611 seconds (process running for 153.1)
2025-06-03T12:23:29.371+02:00  INFO 18716 --- [spring-boot-demo] [restartedMain] c.d.s.components.ThanosComponent         : Thanos is using the gauntlet to perform snap in Uganda
2025-06-03T12:23:29.372+02:00  INFO 18716 --- [spring-boot-demo] [restartedMain] c.d.s.services.GauntletServiceImpl       : USING ALL POWER
2025-06-03T12:23:29.373+02:00  INFO 18716 --- [spring-boot-demo] [restartedMain] c.d.s.components.ThanosComponent         : Thanos is get make danger points 691
2025-06-03T12:23:29.374+02:00  INFO 18716 --- [spring-boot-demo] [restartedMain] .ConditionEvaluationDeltaLoggingListener : Condition evaluation unchanged
2025-06-03T12:31:47.907+02:00  INFO 18716 --- [spring-boot-demo] [File Watcher] rtingClassPathChangeChangedEventListener : Restarting due to 1 class path change (1 addition, 0 deletions, 0 modifications)
2025-06-03T12:31:47.925+02:00  INFO 18716 --- [spring-boot-demo] [Thread-11] o.s.b.w.e.tomcat.GracefulShutdown        : Commencing graceful shutdown. Waiting for active requests to complete
2025-06-03T12:31:47.946+02:00  INFO 18716 --- [spring-boot-demo] [tomcat-shutdown] o.s.b.w.e.tomcat.GracefulShutdown        : Graceful shutdown complete
2025-06-03T12:31:48.059+02:00  INFO 18716 --- [spring-boot-demo] [restartedMain] c.d.s.SpringBootDemoApplication          : Starting SpringBootDemoApplication using Java 21.0.6 with PID 18716 (D:\Develop\Curso El Arte de Spring Boot\spring-boot-demo\target\classes started by carlo in D:\Develop\Curso El Arte de Spring Boot\spring-boot-demo)
2025-06-03T12:31:48.060+02:00  INFO 18716 --- [spring-boot-demo] [restartedMain] c.d.s.SpringBootDemoApplication          : No active profile set, falling back to 1 default profile: "default"
2025-06-03T12:31:48.358+02:00  INFO 18716 --- [spring-boot-demo] [restartedMain] o.s.b.w.embedded.tomcat.TomcatWebServer  : Tomcat initialized with port 9090 (http)
2025-06-03T12:31:48.359+02:00  INFO 18716 --- [spring-boot-demo] [restartedMain] o.apache.catalina.core.StandardService   : Starting service [Tomcat]
2025-06-03T12:31:48.359+02:00  INFO 18716 --- [spring-boot-demo] [restartedMain] o.apache.catalina.core.StandardEngine    : Starting Servlet engine: [Apache Tomcat/10.1.40]
2025-06-03T12:31:48.384+02:00  INFO 18716 --- [spring-boot-demo] [restartedMain] o.a.c.c.C.[.[localhost].[/stones]        : Initializing Spring embedded WebApplicationContext
2025-06-03T12:31:48.388+02:00  INFO 18716 --- [spring-boot-demo] [restartedMain] w.s.c.ServletWebServerApplicationContext : Root WebApplicationContext: initialization completed in 321 ms
2025-06-03T12:31:48.422+02:00  WARN 18716 --- [spring-boot-demo] [restartedMain] c.d.s.utils.AvengerNotifier              : Attention new class created:com.debuggeandoideas.spring_boot_demo.services.GauntletServiceImpl
2025-06-03T12:31:48.426+02:00  INFO 18716 --- [spring-boot-demo] [restartedMain] c.d.s.components.ThanosComponent         : Loading Thanos with configs: ThanosModel(planet=Titan, galaxy=Andromeda, defaultDestructionLevel=788 )
2025-06-03T12:31:48.427+02:00  WARN 18716 --- [spring-boot-demo] [restartedMain] c.d.s.utils.AvengerNotifier              : Attention new class created:com.debuggeandoideas.spring_boot_demo.components.ThanosComponent
2025-06-03T12:31:48.568+02:00  INFO 18716 --- [spring-boot-demo] [restartedMain] o.s.b.d.a.OptionalLiveReloadServer       : LiveReload server is running on port 35729
2025-06-03T12:31:48.590+02:00  INFO 18716 --- [spring-boot-demo] [restartedMain] o.s.b.w.embedded.tomcat.TomcatWebServer  : Tomcat started on port 9090 (http) with context path '/stones'
2025-06-03T12:31:48.598+02:00  INFO 18716 --- [spring-boot-demo] [restartedMain] c.d.s.SpringBootDemoApplication          : Started SpringBootDemoApplication in 0.586 seconds (process running for 652.348)
2025-06-03T12:31:48.630+02:00  INFO 18716 --- [spring-boot-demo] [restartedMain] c.d.s.components.ThanosComponent         : Thanos is using the gauntlet to perform snap in Niger
2025-06-03T12:31:48.633+02:00  INFO 18716 --- [spring-boot-demo] [restartedMain] c.d.s.services.GauntletServiceImpl       : USING ALL POWER
2025-06-03T12:31:48.634+02:00  INFO 18716 --- [spring-boot-demo] [restartedMain] c.d.s.components.ThanosComponent         : Thanos is get make danger points 393
2025-06-03T12:31:48.637+02:00  INFO 18716 --- [spring-boot-demo] [restartedMain] .ConditionEvaluationDeltaLoggingListener : Condition evaluation unchanged
2025-06-03T12:32:08.515+02:00  INFO 18716 --- [spring-boot-demo] [File Watcher] rtingClassPathChangeChangedEventListener : Restarting due to 1 class path change (0 additions, 0 deletions, 1 modification)
2025-06-03T12:32:08.518+02:00  INFO 18716 --- [spring-boot-demo] [Thread-15] o.s.b.w.e.tomcat.GracefulShutdown        : Commencing graceful shutdown. Waiting for active requests to complete
2025-06-03T12:32:08.525+02:00  INFO 18716 --- [spring-boot-demo] [tomcat-shutdown] o.s.b.w.e.tomcat.GracefulShutdown        : Graceful shutdown complete
2025-06-03T12:32:08.602+02:00  INFO 18716 --- [spring-boot-demo] [restartedMain] c.d.s.SpringBootDemoApplication          : Starting SpringBootDemoApplication using Java 21.0.6 with PID 18716 (D:\Develop\Curso El Arte de Spring Boot\spring-boot-demo\target\classes started by carlo in D:\Develop\Curso El Arte de Spring Boot\spring-boot-demo)
2025-06-03T12:32:08.602+02:00  INFO 18716 --- [spring-boot-demo] [restartedMain] c.d.s.SpringBootDemoApplication          : No active profile set, falling back to 1 default profile: "default"
2025-06-03T12:32:09.005+02:00  INFO 18716 --- [spring-boot-demo] [restartedMain] o.s.b.w.embedded.tomcat.TomcatWebServer  : Tomcat initialized with port 9090 (http)
2025-06-03T12:32:09.006+02:00  INFO 18716 --- [spring-boot-demo] [restartedMain] o.apache.catalina.core.StandardService   : Starting service [Tomcat]
2025-06-03T12:32:09.007+02:00  INFO 18716 --- [spring-boot-demo] [restartedMain] o.apache.catalina.core.StandardEngine    : Starting Servlet engine: [Apache Tomcat/10.1.40]
2025-06-03T12:32:09.031+02:00  INFO 18716 --- [spring-boot-demo] [restartedMain] o.a.c.c.C.[.[localhost].[/stones]        : Initializing Spring embedded WebApplicationContext
2025-06-03T12:32:09.031+02:00  INFO 18716 --- [spring-boot-demo] [restartedMain] w.s.c.ServletWebServerApplicationContext : Root WebApplicationContext: initialization completed in 425 ms
2025-06-03T12:32:09.055+02:00  WARN 18716 --- [spring-boot-demo] [restartedMain] c.d.s.utils.AvengerNotifier              : Attention new class created:com.debuggeandoideas.spring_boot_demo.services.GauntletServiceImpl
2025-06-03T12:32:09.061+02:00  INFO 18716 --- [spring-boot-demo] [restartedMain] c.d.s.components.ThanosComponent         : Loading Thanos with configs: ThanosModel(planet=Titan, galaxy=Andromeda, defaultDestructionLevel=788 )
2025-06-03T12:32:09.062+02:00  WARN 18716 --- [spring-boot-demo] [restartedMain] c.d.s.utils.AvengerNotifier              : Attention new class created:com.debuggeandoideas.spring_boot_demo.components.ThanosComponent
2025-06-03T12:32:09.131+02:00  INFO 18716 --- [spring-boot-demo] [restartedMain] o.s.b.d.a.OptionalLiveReloadServer       : LiveReload server is running on port 35729
2025-06-03T12:32:09.141+02:00  INFO 18716 --- [spring-boot-demo] [restartedMain] o.s.b.w.embedded.tomcat.TomcatWebServer  : Tomcat started on port 9090 (http) with context path '/stones'
2025-06-03T12:32:09.143+02:00  INFO 18716 --- [spring-boot-demo] [restartedMain] c.d.s.SpringBootDemoApplication          : Started SpringBootDemoApplication in 0.567 seconds (process running for 672.894)
2025-06-03T12:32:09.152+02:00  INFO 18716 --- [spring-boot-demo] [restartedMain] c.d.s.components.ThanosComponent         : Thanos is using the gauntlet to perform snap in Eswatini
2025-06-03T12:32:09.153+02:00  INFO 18716 --- [spring-boot-demo] [restartedMain] c.d.s.services.GauntletServiceImpl       : USING ALL POWER
2025-06-03T12:32:09.153+02:00  INFO 18716 --- [spring-boot-demo] [restartedMain] c.d.s.components.ThanosComponent         : Thanos is get make danger points 847
2025-06-03T12:32:09.154+02:00  INFO 18716 --- [spring-boot-demo] [restartedMain] .ConditionEvaluationDeltaLoggingListener : Condition evaluation unchanged
2025-06-03T12:32:46.527+02:00  INFO 18716 --- [spring-boot-demo] [File Watcher] rtingClassPathChangeChangedEventListener : Restarting due to 1 class path change (0 additions, 0 deletions, 1 modification)
2025-06-03T12:32:46.529+02:00  INFO 18716 --- [spring-boot-demo] [Thread-19] o.s.b.w.e.tomcat.GracefulShutdown        : Commencing graceful shutdown. Waiting for active requests to complete
2025-06-03T12:32:46.538+02:00  INFO 18716 --- [spring-boot-demo] [tomcat-shutdown] o.s.b.w.e.tomcat.GracefulShutdown        : Graceful shutdown complete
2025-06-03T12:32:46.607+02:00  INFO 18716 --- [spring-boot-demo] [restartedMain] c.d.s.SpringBootDemoApplication          : Starting SpringBootDemoApplication using Java 21.0.6 with PID 18716 (D:\Develop\Curso El Arte de Spring Boot\spring-boot-demo\target\classes started by carlo in D:\Develop\Curso El Arte de Spring Boot\spring-boot-demo)
2025-06-03T12:32:46.607+02:00  INFO 18716 --- [spring-boot-demo] [restartedMain] c.d.s.SpringBootDemoApplication          : No active profile set, falling back to 1 default profile: "default"
2025-06-03T12:32:46.910+02:00  INFO 18716 --- [spring-boot-demo] [restartedMain] o.s.b.w.embedded.tomcat.TomcatWebServer  : Tomcat initialized with port 9090 (http)
2025-06-03T12:32:46.911+02:00  INFO 18716 --- [spring-boot-demo] [restartedMain] o.apache.catalina.core.StandardService   : Starting service [Tomcat]
2025-06-03T12:32:46.911+02:00  INFO 18716 --- [spring-boot-demo] [restartedMain] o.apache.catalina.core.StandardEngine    : Starting Servlet engine: [Apache Tomcat/10.1.40]
2025-06-03T12:32:46.946+02:00  INFO 18716 --- [spring-boot-demo] [restartedMain] o.a.c.c.C.[.[localhost].[/stones]        : Initializing Spring embedded WebApplicationContext
2025-06-03T12:32:46.946+02:00  INFO 18716 --- [spring-boot-demo] [restartedMain] w.s.c.ServletWebServerApplicationContext : Root WebApplicationContext: initialization completed in 338 ms
2025-06-03T12:32:47.001+02:00  WARN 18716 --- [spring-boot-demo] [restartedMain] c.d.s.utils.AvengerNotifier              : Attention new class created:com.debuggeandoideas.spring_boot_demo.services.GauntletServiceImpl
2025-06-03T12:32:47.004+02:00  INFO 18716 --- [spring-boot-demo] [restartedMain] c.d.s.components.ThanosComponent         : Loading Thanos with configs: ThanosModel(planet=Titan, galaxy=Andromeda, defaultDestructionLevel=788 )
2025-06-03T12:32:47.005+02:00  WARN 18716 --- [spring-boot-demo] [restartedMain] c.d.s.utils.AvengerNotifier              : Attention new class created:com.debuggeandoideas.spring_boot_demo.components.ThanosComponent
2025-06-03T12:32:47.064+02:00  INFO 18716 --- [spring-boot-demo] [restartedMain] o.s.b.d.a.OptionalLiveReloadServer       : LiveReload server is running on port 35729
2025-06-03T12:32:47.075+02:00  INFO 18716 --- [spring-boot-demo] [restartedMain] o.s.b.w.embedded.tomcat.TomcatWebServer  : Tomcat started on port 9090 (http) with context path '/stones'
2025-06-03T12:32:47.077+02:00  INFO 18716 --- [spring-boot-demo] [restartedMain] c.d.s.SpringBootDemoApplication          : Started SpringBootDemoApplication in 0.495 seconds (process running for 710.827)
2025-06-03T12:32:47.085+02:00  INFO 18716 --- [spring-boot-demo] [restartedMain] c.d.s.components.ThanosComponent         : Thanos is using the gauntlet to perform snap in Oman
2025-06-03T12:32:47.086+02:00  INFO 18716 --- [spring-boot-demo] [restartedMain] c.d.s.services.GauntletServiceImpl       : USING ALL POWER
2025-06-03T12:32:47.087+02:00  INFO 18716 --- [spring-boot-demo] [restartedMain] c.d.s.components.ThanosComponent         : Thanos is get make danger points 998
2025-06-03T12:32:47.089+02:00  INFO 18716 --- [spring-boot-demo] [restartedMain] .ConditionEvaluationDeltaLoggingListener : Condition evaluation unchanged
2025-06-03T12:33:18.182+02:00  INFO 18716 --- [spring-boot-demo] [File Watcher] rtingClassPathChangeChangedEventListener : Restarting due to 1 class path change (0 additions, 0 deletions, 1 modification)
2025-06-03T12:33:18.183+02:00  INFO 18716 --- [spring-boot-demo] [Thread-23] o.s.b.w.e.tomcat.GracefulShutdown        : Commencing graceful shutdown. Waiting for active requests to complete
2025-06-03T12:33:18.191+02:00  INFO 18716 --- [spring-boot-demo] [tomcat-shutdown] o.s.b.w.e.tomcat.GracefulShutdown        : Graceful shutdown complete
2025-06-03T12:33:18.267+02:00  INFO 18716 --- [spring-boot-demo] [restartedMain] c.d.s.SpringBootDemoApplication          : Starting SpringBootDemoApplication using Java 21.0.6 with PID 18716 (D:\Develop\Curso El Arte de Spring Boot\spring-boot-demo\target\classes started by carlo in D:\Develop\Curso El Arte de Spring Boot\spring-boot-demo)
2025-06-03T12:33:18.268+02:00  INFO 18716 --- [spring-boot-demo] [restartedMain] c.d.s.SpringBootDemoApplication          : No active profile set, falling back to 1 default profile: "default"
2025-06-03T12:33:18.541+02:00  INFO 18716 --- [spring-boot-demo] [restartedMain] o.s.b.w.embedded.tomcat.TomcatWebServer  : Tomcat initialized with port 9090 (http)
2025-06-03T12:33:18.543+02:00  INFO 18716 --- [spring-boot-demo] [restartedMain] o.apache.catalina.core.StandardService   : Starting service [Tomcat]
2025-06-03T12:33:18.543+02:00  INFO 18716 --- [spring-boot-demo] [restartedMain] o.apache.catalina.core.StandardEngine    : Starting Servlet engine: [Apache Tomcat/10.1.40]
2025-06-03T12:33:18.565+02:00  INFO 18716 --- [spring-boot-demo] [restartedMain] o.a.c.c.C.[.[localhost].[/stones]        : Initializing Spring embedded WebApplicationContext
2025-06-03T12:33:18.566+02:00  INFO 18716 --- [spring-boot-demo] [restartedMain] w.s.c.ServletWebServerApplicationContext : Root WebApplicationContext: initialization completed in 295 ms
2025-06-03T12:33:18.586+02:00  WARN 18716 --- [spring-boot-demo] [restartedMain] c.d.s.utils.AvengerNotifier              : Attention new class created:com.debuggeandoideas.spring_boot_demo.services.GauntletServiceImpl
2025-06-03T12:33:18.589+02:00  INFO 18716 --- [spring-boot-demo] [restartedMain] c.d.s.components.ThanosComponent         : Loading Thanos with configs: ThanosModel(planet=Titan, galaxy=Andromeda, defaultDestructionLevel=788 )
2025-06-03T12:33:18.590+02:00  WARN 18716 --- [spring-boot-demo] [restartedMain] c.d.s.utils.AvengerNotifier              : Attention new class created:com.debuggeandoideas.spring_boot_demo.components.ThanosComponent
2025-06-03T12:33:18.633+02:00  INFO 18716 --- [spring-boot-demo] [restartedMain] o.s.b.d.a.OptionalLiveReloadServer       : LiveReload server is running on port 35729
2025-06-03T12:33:18.641+02:00  INFO 18716 --- [spring-boot-demo] [restartedMain] o.s.b.w.embedded.tomcat.TomcatWebServer  : Tomcat started on port 9090 (http) with context path '/stones'
2025-06-03T12:33:18.642+02:00  INFO 18716 --- [spring-boot-demo] [restartedMain] c.d.s.SpringBootDemoApplication          : Started SpringBootDemoApplication in 0.403 seconds (process running for 742.393)
2025-06-03T12:33:18.648+02:00  INFO 18716 --- [spring-boot-demo] [restartedMain] c.d.s.components.ThanosComponent         : Thanos is using the gauntlet to perform snap in Fiji
2025-06-03T12:33:18.648+02:00  INFO 18716 --- [spring-boot-demo] [restartedMain] c.d.s.services.GauntletServiceImpl       : USING ALL POWER
2025-06-03T12:33:18.648+02:00  INFO 18716 --- [spring-boot-demo] [restartedMain] c.d.s.components.ThanosComponent         : Thanos is get make danger points 444
2025-06-03T12:33:18.650+02:00  INFO 18716 --- [spring-boot-demo] [restartedMain] .ConditionEvaluationDeltaLoggingListener : Condition evaluation unchanged
2025-06-03T12:33:57.001+02:00  INFO 18716 --- [spring-boot-demo] [File Watcher] rtingClassPathChangeChangedEventListener : Restarting due to 1 class path change (0 additions, 0 deletions, 1 modification)
2025-06-03T12:33:57.002+02:00  INFO 18716 --- [spring-boot-demo] [Thread-27] o.s.b.w.e.tomcat.GracefulShutdown        : Commencing graceful shutdown. Waiting for active requests to complete
2025-06-03T12:33:57.010+02:00  INFO 18716 --- [spring-boot-demo] [tomcat-shutdown] o.s.b.w.e.tomcat.GracefulShutdown        : Graceful shutdown complete
2025-06-03T12:33:57.104+02:00  INFO 18716 --- [spring-boot-demo] [restartedMain] c.d.s.SpringBootDemoApplication          : Starting SpringBootDemoApplication using Java 21.0.6 with PID 18716 (D:\Develop\Curso El Arte de Spring Boot\spring-boot-demo\target\classes started by carlo in D:\Develop\Curso El Arte de Spring Boot\spring-boot-demo)
2025-06-03T12:33:57.104+02:00  INFO 18716 --- [spring-boot-demo] [restartedMain] c.d.s.SpringBootDemoApplication          : No active profile set, falling back to 1 default profile: "default"
2025-06-03T12:33:57.343+02:00  INFO 18716 --- [spring-boot-demo] [restartedMain] o.s.b.w.embedded.tomcat.TomcatWebServer  : Tomcat initialized with port 9090 (http)
2025-06-03T12:33:57.346+02:00  INFO 18716 --- [spring-boot-demo] [restartedMain] o.apache.catalina.core.StandardService   : Starting service [Tomcat]
2025-06-03T12:33:57.346+02:00  INFO 18716 --- [spring-boot-demo] [restartedMain] o.apache.catalina.core.StandardEngine    : Starting Servlet engine: [Apache Tomcat/10.1.40]
2025-06-03T12:33:57.370+02:00  INFO 18716 --- [spring-boot-demo] [restartedMain] o.a.c.c.C.[.[localhost].[/stones]        : Initializing Spring embedded WebApplicationContext
2025-06-03T12:33:57.371+02:00  INFO 18716 --- [spring-boot-demo] [restartedMain] w.s.c.ServletWebServerApplicationContext : Root WebApplicationContext: initialization completed in 265 ms
2025-06-03T12:33:57.395+02:00  WARN 18716 --- [spring-boot-demo] [restartedMain] c.d.s.utils.AvengerNotifier              : Attention new class created:com.debuggeandoideas.spring_boot_demo.services.GauntletServiceImpl
2025-06-03T12:33:57.399+02:00  INFO 18716 --- [spring-boot-demo] [restartedMain] c.d.s.components.ThanosComponent         : Loading Thanos with configs: ThanosModel(planet=Titan, galaxy=Andromeda, defaultDestructionLevel=788 )
2025-06-03T12:33:57.400+02:00  WARN 18716 --- [spring-boot-demo] [restartedMain] c.d.s.utils.AvengerNotifier              : Attention new class created:com.debuggeandoideas.spring_boot_demo.components.ThanosComponent
2025-06-03T12:33:57.456+02:00  INFO 18716 --- [spring-boot-demo] [restartedMain] o.s.b.d.a.OptionalLiveReloadServer       : LiveReload server is running on port 35729
2025-06-03T12:33:57.465+02:00  INFO 18716 --- [spring-boot-demo] [restartedMain] o.s.b.w.embedded.tomcat.TomcatWebServer  : Tomcat started on port 9090 (http) with context path '/stones'
2025-06-03T12:33:57.467+02:00  INFO 18716 --- [spring-boot-demo] [restartedMain] c.d.s.SpringBootDemoApplication          : Started SpringBootDemoApplication in 0.392 seconds (process running for 781.218)
2025-06-03T12:33:57.473+02:00  INFO 18716 --- [spring-boot-demo] [restartedMain] c.d.s.components.ThanosComponent         : Thanos is using the gauntlet to perform snap in Seychelles
2025-06-03T12:33:57.473+02:00  INFO 18716 --- [spring-boot-demo] [restartedMain] c.d.s.services.GauntletServiceImpl       : USING ALL POWER
2025-06-03T12:33:57.474+02:00  INFO 18716 --- [spring-boot-demo] [restartedMain] c.d.s.components.ThanosComponent         : Thanos is get make danger points 307
2025-06-03T12:33:57.475+02:00  INFO 18716 --- [spring-boot-demo] [restartedMain] .ConditionEvaluationDeltaLoggingListener : Condition evaluation unchanged
2025-06-03T12:36:46.085+02:00  INFO 18716 --- [spring-boot-demo] [File Watcher] rtingClassPathChangeChangedEventListener : Restarting due to 1 class path change (0 additions, 0 deletions, 1 modification)
2025-06-03T12:36:46.087+02:00  INFO 18716 --- [spring-boot-demo] [Thread-31] o.s.b.w.e.tomcat.GracefulShutdown        : Commencing graceful shutdown. Waiting for active requests to complete
2025-06-03T12:36:46.101+02:00  INFO 18716 --- [spring-boot-demo] [tomcat-shutdown] o.s.b.w.e.tomcat.GracefulShutdown        : Graceful shutdown complete
2025-06-03T12:36:46.188+02:00  INFO 18716 --- [spring-boot-demo] [restartedMain] c.d.s.SpringBootDemoApplication          : Starting SpringBootDemoApplication using Java 21.0.6 with PID 18716 (D:\Develop\Curso El Arte de Spring Boot\spring-boot-demo\target\classes started by carlo in D:\Develop\Curso El Arte de Spring Boot\spring-boot-demo)
2025-06-03T12:36:46.189+02:00  INFO 18716 --- [spring-boot-demo] [restartedMain] c.d.s.SpringBootDemoApplication          : No active profile set, falling back to 1 default profile: "default"
2025-06-03T12:36:46.447+02:00  INFO 18716 --- [spring-boot-demo] [restartedMain] o.s.b.w.embedded.tomcat.TomcatWebServer  : Tomcat initialized with port 9090 (http)
2025-06-03T12:36:46.448+02:00  INFO 18716 --- [spring-boot-demo] [restartedMain] o.apache.catalina.core.StandardService   : Starting service [Tomcat]
2025-06-03T12:36:46.449+02:00  INFO 18716 --- [spring-boot-demo] [restartedMain] o.apache.catalina.core.StandardEngine    : Starting Servlet engine: [Apache Tomcat/10.1.40]
2025-06-03T12:36:46.474+02:00  INFO 18716 --- [spring-boot-demo] [restartedMain] o.a.c.c.C.[.[localhost].[/stones]        : Initializing Spring embedded WebApplicationContext
2025-06-03T12:36:46.475+02:00  INFO 18716 --- [spring-boot-demo] [restartedMain] w.s.c.ServletWebServerApplicationContext : Root WebApplicationContext: initialization completed in 280 ms
2025-06-03T12:36:46.504+02:00  WARN 18716 --- [spring-boot-demo] [restartedMain] c.d.s.utils.AvengerNotifier              : Attention new class created:com.debuggeandoideas.spring_boot_demo.services.GauntletServiceImpl
2025-06-03T12:36:46.507+02:00  INFO 18716 --- [spring-boot-demo] [restartedMain] c.d.s.components.ThanosComponent         : Loading Thanos with configs: ThanosModel(planet=Titan, galaxy=Andromeda, defaultDestructionLevel=788 )
2025-06-03T12:36:46.508+02:00  WARN 18716 --- [spring-boot-demo] [restartedMain] c.d.s.utils.AvengerNotifier              : Attention new class created:com.debuggeandoideas.spring_boot_demo.components.ThanosComponent
2025-06-03T12:36:46.574+02:00  INFO 18716 --- [spring-boot-demo] [restartedMain] o.s.b.d.a.OptionalLiveReloadServer       : LiveReload server is running on port 35729
2025-06-03T12:36:46.582+02:00  INFO 18716 --- [spring-boot-demo] [restartedMain] o.s.b.w.embedded.tomcat.TomcatWebServer  : Tomcat started on port 9090 (http) with context path '/stones'
2025-06-03T12:36:46.588+02:00  INFO 18716 --- [spring-boot-demo] [restartedMain] c.d.s.SpringBootDemoApplication          : Started SpringBootDemoApplication in 0.434 seconds (process running for 950.337)
2025-06-03T12:36:46.598+02:00  INFO 18716 --- [spring-boot-demo] [restartedMain] c.d.s.components.ThanosComponent         : Thanos is using the gauntlet to perform snap in Mozambique
2025-06-03T12:36:46.599+02:00  INFO 18716 --- [spring-boot-demo] [restartedMain] c.d.s.services.GauntletServiceImpl       : USING ALL POWER
2025-06-03T12:36:46.599+02:00  INFO 18716 --- [spring-boot-demo] [restartedMain] c.d.s.components.ThanosComponent         : Thanos is get make danger points 844
2025-06-03T12:36:46.601+02:00  INFO 18716 --- [spring-boot-demo] [restartedMain] .ConditionEvaluationDeltaLoggingListener : Condition evaluation unchanged
2025-06-03T12:40:54.142+02:00  INFO 4892 --- [spring-boot-demo] [restartedMain] c.d.s.SpringBootDemoApplication          : Starting SpringBootDemoApplication using Java 21.0.6 with PID 4892 (D:\Develop\Curso El Arte de Spring Boot\spring-boot-demo\target\classes started by carlo in D:\Develop\Curso El Arte de Spring Boot\spring-boot-demo)
2025-06-03T12:40:54.145+02:00  INFO 4892 --- [spring-boot-demo] [restartedMain] c.d.s.SpringBootDemoApplication          : No active profile set, falling back to 1 default profile: "default"
2025-06-03T12:40:54.205+02:00  INFO 4892 --- [spring-boot-demo] [restartedMain] .e.DevToolsPropertyDefaultsPostProcessor : Devtools property defaults active! Set 'spring.devtools.add-properties' to 'false' to disable
2025-06-03T12:40:54.205+02:00  INFO 4892 --- [spring-boot-demo] [restartedMain] .e.DevToolsPropertyDefaultsPostProcessor : For additional web related logging consider setting the 'logging.level.web' property to 'DEBUG'
2025-06-03T12:40:56.093+02:00  INFO 4892 --- [spring-boot-demo] [restartedMain] o.s.b.w.embedded.tomcat.TomcatWebServer  : Tomcat initialized with port 9090 (http)
2025-06-03T12:40:56.110+02:00  INFO 4892 --- [spring-boot-demo] [restartedMain] o.apache.catalina.core.StandardService   : Starting service [Tomcat]
2025-06-03T12:40:56.110+02:00  INFO 4892 --- [spring-boot-demo] [restartedMain] o.apache.catalina.core.StandardEngine    : Starting Servlet engine: [Apache Tomcat/10.1.40]
2025-06-03T12:40:56.155+02:00  INFO 4892 --- [spring-boot-demo] [restartedMain] o.a.c.c.C.[.[localhost].[/stones]        : Initializing Spring embedded WebApplicationContext
2025-06-03T12:40:56.156+02:00  INFO 4892 --- [spring-boot-demo] [restartedMain] w.s.c.ServletWebServerApplicationContext : Root WebApplicationContext: initialization completed in 1949 ms
2025-06-03T12:40:56.246+02:00  WARN 4892 --- [spring-boot-demo] [restartedMain] c.d.s.utils.AvengerNotifier              : Attention new class created:com.debuggeandoideas.spring_boot_demo.models.RealityStone
2025-06-03T12:40:56.250+02:00  WARN 4892 --- [spring-boot-demo] [restartedMain] c.d.s.utils.AvengerNotifier              : Attention new class created:com.debuggeandoideas.spring_boot_demo.models.SoulStone
2025-06-03T12:40:56.252+02:00  WARN 4892 --- [spring-boot-demo] [restartedMain] c.d.s.utils.AvengerNotifier              : Attention new class created:com.debuggeandoideas.spring_boot_demo.models.MindStone
2025-06-03T12:40:56.254+02:00  WARN 4892 --- [spring-boot-demo] [restartedMain] c.d.s.utils.AvengerNotifier              : Attention new class created:com.debuggeandoideas.spring_boot_demo.models.PowerStone
2025-06-03T12:40:56.255+02:00  WARN 4892 --- [spring-boot-demo] [restartedMain] c.d.s.utils.AvengerNotifier              : Attention new class created:com.debuggeandoideas.spring_boot_demo.models.SpaceStone
2025-06-03T12:40:56.256+02:00  WARN 4892 --- [spring-boot-demo] [restartedMain] c.d.s.utils.AvengerNotifier              : Attention new class created:com.debuggeandoideas.spring_boot_demo.models.TimeStone
2025-06-03T12:40:56.259+02:00  WARN 4892 --- [spring-boot-demo] [restartedMain] c.d.s.utils.AvengerNotifier              : Attention new class created:com.debuggeandoideas.spring_boot_demo.services.GauntletServiceImpl
2025-06-03T12:40:56.264+02:00  INFO 4892 --- [spring-boot-demo] [restartedMain] c.d.s.components.ThanosComponent         : Loading Thanos with configs: ThanosModel(planet=Titan, galaxy=Andromeda, defaultDestructionLevel=788 )
2025-06-03T12:40:56.265+02:00  WARN 4892 --- [spring-boot-demo] [restartedMain] c.d.s.utils.AvengerNotifier              : Attention new class created:com.debuggeandoideas.spring_boot_demo.components.ThanosComponent
2025-06-03T12:40:56.268+02:00  WARN 4892 --- [spring-boot-demo] [restartedMain] c.d.s.utils.AvengerNotifier              : Attention new class created:com.debuggeandoideas.spring_boot_demo.models.PowerStone
2025-06-03T12:40:56.615+02:00  INFO 4892 --- [spring-boot-demo] [restartedMain] o.s.b.d.a.OptionalLiveReloadServer       : LiveReload server is running on port 35729
2025-06-03T12:40:56.654+02:00  INFO 4892 --- [spring-boot-demo] [restartedMain] o.s.b.w.embedded.tomcat.TomcatWebServer  : Tomcat started on port 9090 (http) with context path '/stones'
2025-06-03T12:40:56.665+02:00  INFO 4892 --- [spring-boot-demo] [restartedMain] c.d.s.SpringBootDemoApplication          : Started SpringBootDemoApplication in 3.066 seconds (process running for 3.551)
2025-06-03T12:40:56.774+02:00  INFO 4892 --- [spring-boot-demo] [restartedMain] c.d.s.components.ThanosComponent         : Thanos is using the gauntlet to perform snap in Eswatini
2025-06-03T12:40:56.776+02:00  INFO 4892 --- [spring-boot-demo] [restartedMain] c.d.s.services.GauntletServiceImpl       : USING ALL POWER
2025-06-03T12:40:56.776+02:00  INFO 4892 --- [spring-boot-demo] [restartedMain] c.d.s.components.ThanosComponent         : Thanos is get make danger points 461
2025-06-03T12:43:17.273+02:00  INFO 4892 --- [spring-boot-demo] [File Watcher] rtingClassPathChangeChangedEventListener : Restarting due to 1 class path change (0 additions, 0 deletions, 1 modification)
2025-06-03T12:43:17.278+02:00  INFO 4892 --- [spring-boot-demo] [Thread-5] o.s.b.w.e.tomcat.GracefulShutdown        : Commencing graceful shutdown. Waiting for active requests to complete
2025-06-03T12:43:17.301+02:00  INFO 4892 --- [spring-boot-demo] [tomcat-shutdown] o.s.b.w.e.tomcat.GracefulShutdown        : Graceful shutdown complete
2025-06-03T12:43:17.414+02:00  INFO 4892 --- [spring-boot-demo] [restartedMain] c.d.s.SpringBootDemoApplication          : Starting SpringBootDemoApplication using Java 21.0.6 with PID 4892 (D:\Develop\Curso El Arte de Spring Boot\spring-boot-demo\target\classes started by carlo in D:\Develop\Curso El Arte de Spring Boot\spring-boot-demo)
2025-06-03T12:43:17.414+02:00  INFO 4892 --- [spring-boot-demo] [restartedMain] c.d.s.SpringBootDemoApplication          : No active profile set, falling back to 1 default profile: "default"
2025-06-03T12:43:17.722+02:00  INFO 4892 --- [spring-boot-demo] [restartedMain] o.s.b.w.embedded.tomcat.TomcatWebServer  : Tomcat initialized with port 9090 (http)
2025-06-03T12:43:17.725+02:00  INFO 4892 --- [spring-boot-demo] [restartedMain] o.apache.catalina.core.StandardService   : Starting service [Tomcat]
2025-06-03T12:43:17.725+02:00  INFO 4892 --- [spring-boot-demo] [restartedMain] o.apache.catalina.core.StandardEngine    : Starting Servlet engine: [Apache Tomcat/10.1.40]
2025-06-03T12:43:17.766+02:00  INFO 4892 --- [spring-boot-demo] [restartedMain] o.a.c.c.C.[.[localhost].[/stones]        : Initializing Spring embedded WebApplicationContext
2025-06-03T12:43:17.766+02:00  INFO 4892 --- [spring-boot-demo] [restartedMain] w.s.c.ServletWebServerApplicationContext : Root WebApplicationContext: initialization completed in 348 ms
2025-06-03T12:43:17.809+02:00  WARN 4892 --- [spring-boot-demo] [restartedMain] c.d.s.utils.AvengerNotifier              : Attention new class created:com.debuggeandoideas.spring_boot_demo.models.RealityStone
2025-06-03T12:43:17.812+02:00  WARN 4892 --- [spring-boot-demo] [restartedMain] c.d.s.utils.AvengerNotifier              : Attention new class created:com.debuggeandoideas.spring_boot_demo.models.SoulStone
2025-06-03T12:43:17.815+02:00  WARN 4892 --- [spring-boot-demo] [restartedMain] c.d.s.utils.AvengerNotifier              : Attention new class created:com.debuggeandoideas.spring_boot_demo.models.MindStone
2025-06-03T12:43:17.817+02:00  WARN 4892 --- [spring-boot-demo] [restartedMain] c.d.s.utils.AvengerNotifier              : Attention new class created:com.debuggeandoideas.spring_boot_demo.models.PowerStone
2025-06-03T12:43:17.819+02:00  WARN 4892 --- [spring-boot-demo] [restartedMain] c.d.s.utils.AvengerNotifier              : Attention new class created:com.debuggeandoideas.spring_boot_demo.models.SpaceStone
2025-06-03T12:43:17.823+02:00  WARN 4892 --- [spring-boot-demo] [restartedMain] c.d.s.utils.AvengerNotifier              : Attention new class created:com.debuggeandoideas.spring_boot_demo.models.TimeStone
2025-06-03T12:43:17.824+02:00  WARN 4892 --- [spring-boot-demo] [restartedMain] c.d.s.utils.AvengerNotifier              : Attention new class created:com.debuggeandoideas.spring_boot_demo.services.GauntletServiceImpl
2025-06-03T12:43:17.827+02:00  INFO 4892 --- [spring-boot-demo] [restartedMain] c.d.s.components.ThanosComponent         : Loading Thanos with configs: ThanosModel(planet=Titan, galaxy=Andromeda, defaultDestructionLevel=788 )
2025-06-03T12:43:17.829+02:00  WARN 4892 --- [spring-boot-demo] [restartedMain] c.d.s.utils.AvengerNotifier              : Attention new class created:com.debuggeandoideas.spring_boot_demo.components.ThanosComponent
2025-06-03T12:43:17.829+02:00  WARN 4892 --- [spring-boot-demo] [restartedMain] c.d.s.utils.AvengerNotifier              : DANGER START BATTLE!!
2025-06-03T12:43:17.831+02:00  WARN 4892 --- [spring-boot-demo] [restartedMain] c.d.s.utils.AvengerNotifier              : Attention new class created:com.debuggeandoideas.spring_boot_demo.models.PowerStone
2025-06-03T12:43:17.934+02:00  INFO 4892 --- [spring-boot-demo] [restartedMain] o.s.b.d.a.OptionalLiveReloadServer       : LiveReload server is running on port 35729
2025-06-03T12:43:17.947+02:00  INFO 4892 --- [spring-boot-demo] [restartedMain] o.s.b.w.embedded.tomcat.TomcatWebServer  : Tomcat started on port 9090 (http) with context path '/stones'
2025-06-03T12:43:17.951+02:00  INFO 4892 --- [spring-boot-demo] [restartedMain] c.d.s.SpringBootDemoApplication          : Started SpringBootDemoApplication in 0.583 seconds (process running for 144.837)
2025-06-03T12:43:17.976+02:00  INFO 4892 --- [spring-boot-demo] [restartedMain] c.d.s.components.ThanosComponent         : Thanos is using the gauntlet to perform snap in El Salvador
2025-06-03T12:43:17.976+02:00  INFO 4892 --- [spring-boot-demo] [restartedMain] c.d.s.services.GauntletServiceImpl       : USING ALL POWER
2025-06-03T12:43:17.977+02:00  INFO 4892 --- [spring-boot-demo] [restartedMain] c.d.s.components.ThanosComponent         : Thanos is get make danger points 268
2025-06-03T12:43:17.979+02:00  INFO 4892 --- [spring-boot-demo] [restartedMain] .ConditionEvaluationDeltaLoggingListener : Condition evaluation unchanged
2025-06-03T13:43:44.403+02:00  INFO 11108 --- [spring-boot-demo] [restartedMain] c.d.s.SpringBootDemoApplication          : Starting SpringBootDemoApplication using Java 21.0.6 with PID 11108 (D:\Develop\Curso El Arte de Spring Boot\spring-boot-demo\target\classes started by carlo in D:\Develop\Curso El Arte de Spring Boot\spring-boot-demo)
2025-06-03T13:43:44.407+02:00  INFO 11108 --- [spring-boot-demo] [restartedMain] c.d.s.SpringBootDemoApplication          : No active profile set, falling back to 1 default profile: "default"
2025-06-03T13:43:44.484+02:00  INFO 11108 --- [spring-boot-demo] [restartedMain] .e.DevToolsPropertyDefaultsPostProcessor : Devtools property defaults active! Set 'spring.devtools.add-properties' to 'false' to disable
2025-06-03T13:43:44.484+02:00  INFO 11108 --- [spring-boot-demo] [restartedMain] .e.DevToolsPropertyDefaultsPostProcessor : For additional web related logging consider setting the 'logging.level.web' property to 'DEBUG'
2025-06-03T13:43:45.720+02:00  INFO 11108 --- [spring-boot-demo] [restartedMain] o.s.b.w.embedded.tomcat.TomcatWebServer  : Tomcat initialized with port 9090 (http)
2025-06-03T13:43:45.733+02:00  INFO 11108 --- [spring-boot-demo] [restartedMain] o.apache.catalina.core.StandardService   : Starting service [Tomcat]
2025-06-03T13:43:45.733+02:00  INFO 11108 --- [spring-boot-demo] [restartedMain] o.apache.catalina.core.StandardEngine    : Starting Servlet engine: [Apache Tomcat/10.1.40]
2025-06-03T13:43:45.778+02:00  INFO 11108 --- [spring-boot-demo] [restartedMain] o.a.c.c.C.[.[localhost].[/stones]        : Initializing Spring embedded WebApplicationContext
2025-06-03T13:43:45.779+02:00  INFO 11108 --- [spring-boot-demo] [restartedMain] w.s.c.ServletWebServerApplicationContext : Root WebApplicationContext: initialization completed in 1293 ms
2025-06-03T13:43:45.870+02:00  WARN 11108 --- [spring-boot-demo] [restartedMain] c.d.s.utils.AvengerNotifier              : Attention new class created:com.debuggeandoideas.spring_boot_demo.models.RealityStone
2025-06-03T13:43:45.874+02:00  WARN 11108 --- [spring-boot-demo] [restartedMain] c.d.s.utils.AvengerNotifier              : Attention new class created:com.debuggeandoideas.spring_boot_demo.models.SoulStone
2025-06-03T13:43:45.875+02:00  WARN 11108 --- [spring-boot-demo] [restartedMain] c.d.s.utils.AvengerNotifier              : Attention new class created:com.debuggeandoideas.spring_boot_demo.models.MindStone
2025-06-03T13:43:45.877+02:00  WARN 11108 --- [spring-boot-demo] [restartedMain] c.d.s.utils.AvengerNotifier              : Attention new class created:com.debuggeandoideas.spring_boot_demo.models.PowerStone
2025-06-03T13:43:45.879+02:00  WARN 11108 --- [spring-boot-demo] [restartedMain] c.d.s.utils.AvengerNotifier              : Attention new class created:com.debuggeandoideas.spring_boot_demo.models.SpaceStone
2025-06-03T13:43:45.880+02:00  WARN 11108 --- [spring-boot-demo] [restartedMain] c.d.s.utils.AvengerNotifier              : Attention new class created:com.debuggeandoideas.spring_boot_demo.models.TimeStone
2025-06-03T13:43:45.884+02:00  WARN 11108 --- [spring-boot-demo] [restartedMain] c.d.s.utils.AvengerNotifier              : Attention new class created:com.debuggeandoideas.spring_boot_demo.services.GauntletServiceImpl
2025-06-03T13:43:45.886+02:00  INFO 11108 --- [spring-boot-demo] [restartedMain] c.d.s.components.ThanosComponent         : Loading Thanos with configs: ThanosModel(planet=Titan, galaxy=Andromeda, defaultDestructionLevel=788 )
2025-06-03T13:43:45.888+02:00  WARN 11108 --- [spring-boot-demo] [restartedMain] c.d.s.utils.AvengerNotifier              : Attention new class created:com.debuggeandoideas.spring_boot_demo.components.ThanosComponent
2025-06-03T13:43:45.889+02:00  WARN 11108 --- [spring-boot-demo] [restartedMain] c.d.s.utils.AvengerNotifier              : DANGER START BATTLE!!
2025-06-03T13:43:45.892+02:00  WARN 11108 --- [spring-boot-demo] [restartedMain] c.d.s.utils.AvengerNotifier              : Attention new class created:com.debuggeandoideas.spring_boot_demo.models.PowerStone
2025-06-03T13:43:46.253+02:00  INFO 11108 --- [spring-boot-demo] [restartedMain] o.s.b.d.a.OptionalLiveReloadServer       : LiveReload server is running on port 35729
2025-06-03T13:43:46.301+02:00  INFO 11108 --- [spring-boot-demo] [restartedMain] o.s.b.w.embedded.tomcat.TomcatWebServer  : Tomcat started on port 9090 (http) with context path '/stones'
2025-06-03T13:43:46.312+02:00  INFO 11108 --- [spring-boot-demo] [restartedMain] c.d.s.SpringBootDemoApplication          : Started SpringBootDemoApplication in 2.485 seconds (process running for 3.307)
2025-06-03T13:43:46.426+02:00  INFO 11108 --- [spring-boot-demo] [restartedMain] c.d.s.components.ThanosComponent         : Thanos is using the gauntlet to perform snap in Burundi
2025-06-03T13:43:46.428+02:00  INFO 11108 --- [spring-boot-demo] [restartedMain] c.d.s.services.GauntletServiceImpl       : USING ALL POWER
2025-06-03T13:43:46.429+02:00  INFO 11108 --- [spring-boot-demo] [restartedMain] c.d.s.components.ThanosComponent         : Thanos is get make danger points 770
2025-06-03T13:44:46.568+02:00  INFO 19612 --- [spring-boot-demo] [restartedMain] c.d.s.SpringBootDemoApplication          : Starting SpringBootDemoApplication using Java 21.0.6 with PID 19612 (D:\Develop\Curso El Arte de Spring Boot\spring-boot-demo\target\classes started by carlo in D:\Develop\Curso El Arte de Spring Boot\spring-boot-demo)
2025-06-03T13:44:46.572+02:00  INFO 19612 --- [spring-boot-demo] [restartedMain] c.d.s.SpringBootDemoApplication          : No active profile set, falling back to 1 default profile: "default"
2025-06-03T13:44:46.623+02:00  INFO 19612 --- [spring-boot-demo] [restartedMain] .e.DevToolsPropertyDefaultsPostProcessor : Devtools property defaults active! Set 'spring.devtools.add-properties' to 'false' to disable
2025-06-03T13:44:46.628+02:00  INFO 19612 --- [spring-boot-demo] [restartedMain] .e.DevToolsPropertyDefaultsPostProcessor : For additional web related logging consider setting the 'logging.level.web' property to 'DEBUG'
2025-06-03T13:44:47.814+02:00  INFO 19612 --- [spring-boot-demo] [restartedMain] o.s.b.w.embedded.tomcat.TomcatWebServer  : Tomcat initialized with port 9090 (http)
2025-06-03T13:44:47.830+02:00  INFO 19612 --- [spring-boot-demo] [restartedMain] o.apache.catalina.core.StandardService   : Starting service [Tomcat]
2025-06-03T13:44:47.830+02:00  INFO 19612 --- [spring-boot-demo] [restartedMain] o.apache.catalina.core.StandardEngine    : Starting Servlet engine: [Apache Tomcat/10.1.40]
2025-06-03T13:44:47.873+02:00  INFO 19612 --- [spring-boot-demo] [restartedMain] o.a.c.c.C.[.[localhost].[/stones]        : Initializing Spring embedded WebApplicationContext
2025-06-03T13:44:47.874+02:00  INFO 19612 --- [spring-boot-demo] [restartedMain] w.s.c.ServletWebServerApplicationContext : Root WebApplicationContext: initialization completed in 1246 ms
2025-06-03T13:44:47.958+02:00  WARN 19612 --- [spring-boot-demo] [restartedMain] c.d.s.utils.AvengerNotifier              : Attention new class created:com.debuggeandoideas.spring_boot_demo.models.RealityStone
2025-06-03T13:44:47.960+02:00  WARN 19612 --- [spring-boot-demo] [restartedMain] c.d.s.utils.AvengerNotifier              : Attention new class created:com.debuggeandoideas.spring_boot_demo.models.SoulStone
2025-06-03T13:44:47.961+02:00  WARN 19612 --- [spring-boot-demo] [restartedMain] c.d.s.utils.AvengerNotifier              : Attention new class created:com.debuggeandoideas.spring_boot_demo.models.MindStone
2025-06-03T13:44:47.963+02:00  WARN 19612 --- [spring-boot-demo] [restartedMain] c.d.s.utils.AvengerNotifier              : Attention new class created:com.debuggeandoideas.spring_boot_demo.models.PowerStone
2025-06-03T13:44:47.963+02:00  WARN 19612 --- [spring-boot-demo] [restartedMain] c.d.s.utils.AvengerNotifier              : Attention new class created:com.debuggeandoideas.spring_boot_demo.models.SpaceStone
2025-06-03T13:44:47.964+02:00  WARN 19612 --- [spring-boot-demo] [restartedMain] c.d.s.utils.AvengerNotifier              : Attention new class created:com.debuggeandoideas.spring_boot_demo.models.TimeStone
2025-06-03T13:44:47.968+02:00  WARN 19612 --- [spring-boot-demo] [restartedMain] c.d.s.utils.AvengerNotifier              : Attention new class created:com.debuggeandoideas.spring_boot_demo.services.GauntletServiceImpl
2025-06-03T13:44:47.971+02:00  INFO 19612 --- [spring-boot-demo] [restartedMain] c.d.s.components.ThanosComponent         : Loading Thanos with configs: ThanosModel(planet=Titan, galaxy=Andromeda, defaultDestructionLevel=788 )
2025-06-03T13:44:47.972+02:00  WARN 19612 --- [spring-boot-demo] [restartedMain] c.d.s.utils.AvengerNotifier              : Attention new class created:com.debuggeandoideas.spring_boot_demo.components.ThanosComponent
2025-06-03T13:44:47.972+02:00  WARN 19612 --- [spring-boot-demo] [restartedMain] c.d.s.utils.AvengerNotifier              : DANGER START BATTLE!!
2025-06-03T13:44:47.976+02:00  WARN 19612 --- [spring-boot-demo] [restartedMain] c.d.s.utils.AvengerNotifier              : Attention new class created:com.debuggeandoideas.spring_boot_demo.models.PowerStone
2025-06-03T13:44:48.320+02:00  INFO 19612 --- [spring-boot-demo] [restartedMain] o.s.b.d.a.OptionalLiveReloadServer       : LiveReload server is running on port 35729
2025-06-03T13:44:48.360+02:00  INFO 19612 --- [spring-boot-demo] [restartedMain] o.s.b.w.embedded.tomcat.TomcatWebServer  : Tomcat started on port 9090 (http) with context path '/stones'
2025-06-03T13:44:48.370+02:00  INFO 19612 --- [spring-boot-demo] [restartedMain] c.d.s.SpringBootDemoApplication          : Started SpringBootDemoApplication in 2.324 seconds (process running for 2.791)
2025-06-03T13:44:48.470+02:00  INFO 19612 --- [spring-boot-demo] [restartedMain] c.d.s.components.ThanosComponent         : Thanos is using the gauntlet to perform snap in Vanuatu
2025-06-03T13:44:48.472+02:00  INFO 19612 --- [spring-boot-demo] [restartedMain] c.d.s.services.GauntletServiceImpl       : USING ALL POWER
2025-06-03T13:44:48.472+02:00  INFO 19612 --- [spring-boot-demo] [restartedMain] c.d.s.components.ThanosComponent         : Thanos is get make danger points 865
2025-06-03T13:47:44.970+02:00  INFO 22012 --- [spring-boot-demo] [restartedMain] c.d.s.SpringBootDemoApplication          : Starting SpringBootDemoApplication using Java 21.0.6 with PID 22012 (D:\Develop\Curso El Arte de Spring Boot\spring-boot-demo\target\classes started by carlo in D:\Develop\Curso El Arte de Spring Boot\spring-boot-demo)
2025-06-03T13:47:44.976+02:00  INFO 22012 --- [spring-boot-demo] [restartedMain] c.d.s.SpringBootDemoApplication          : No active profile set, falling back to 1 default profile: "default"
2025-06-03T13:47:45.050+02:00  INFO 22012 --- [spring-boot-demo] [restartedMain] .e.DevToolsPropertyDefaultsPostProcessor : Devtools property defaults active! Set 'spring.devtools.add-properties' to 'false' to disable
2025-06-03T13:47:45.050+02:00  INFO 22012 --- [spring-boot-demo] [restartedMain] .e.DevToolsPropertyDefaultsPostProcessor : For additional web related logging consider setting the 'logging.level.web' property to 'DEBUG'
2025-06-03T13:47:46.470+02:00  INFO 22012 --- [spring-boot-demo] [restartedMain] o.s.b.w.embedded.tomcat.TomcatWebServer  : Tomcat initialized with port 9090 (http)
2025-06-03T13:47:46.487+02:00  INFO 22012 --- [spring-boot-demo] [restartedMain] o.apache.catalina.core.StandardService   : Starting service [Tomcat]
2025-06-03T13:47:46.487+02:00  INFO 22012 --- [spring-boot-demo] [restartedMain] o.apache.catalina.core.StandardEngine    : Starting Servlet engine: [Apache Tomcat/10.1.40]
2025-06-03T13:47:46.537+02:00  INFO 22012 --- [spring-boot-demo] [restartedMain] o.a.c.c.C.[.[localhost].[/stones]        : Initializing Spring embedded WebApplicationContext
2025-06-03T13:47:46.539+02:00  INFO 22012 --- [spring-boot-demo] [restartedMain] w.s.c.ServletWebServerApplicationContext : Root WebApplicationContext: initialization completed in 1487 ms
2025-06-03T13:47:46.654+02:00  WARN 22012 --- [spring-boot-demo] [restartedMain] c.d.s.utils.AvengerNotifier              : Attention new class created:com.debuggeandoideas.spring_boot_demo.models.RealityStone
2025-06-03T13:47:46.657+02:00  WARN 22012 --- [spring-boot-demo] [restartedMain] c.d.s.utils.AvengerNotifier              : Attention new class created:com.debuggeandoideas.spring_boot_demo.models.SoulStone
2025-06-03T13:47:46.659+02:00  WARN 22012 --- [spring-boot-demo] [restartedMain] c.d.s.utils.AvengerNotifier              : Attention new class created:com.debuggeandoideas.spring_boot_demo.models.MindStone
2025-06-03T13:47:46.661+02:00  WARN 22012 --- [spring-boot-demo] [restartedMain] c.d.s.utils.AvengerNotifier              : Attention new class created:com.debuggeandoideas.spring_boot_demo.models.PowerStone
2025-06-03T13:47:46.663+02:00  WARN 22012 --- [spring-boot-demo] [restartedMain] c.d.s.utils.AvengerNotifier              : Attention new class created:com.debuggeandoideas.spring_boot_demo.models.SpaceStone
2025-06-03T13:47:46.664+02:00  WARN 22012 --- [spring-boot-demo] [restartedMain] c.d.s.utils.AvengerNotifier              : Attention new class created:com.debuggeandoideas.spring_boot_demo.models.TimeStone
2025-06-03T13:47:46.669+02:00  WARN 22012 --- [spring-boot-demo] [restartedMain] c.d.s.utils.AvengerNotifier              : Attention new class created:com.debuggeandoideas.spring_boot_demo.services.GauntletServiceImpl
2025-06-03T13:47:46.674+02:00  INFO 22012 --- [spring-boot-demo] [restartedMain] c.d.s.components.ThanosComponent         : Loading Thanos with configs: ThanosModel(planet=Titan, galaxy=Andromeda, defaultDestructionLevel=788 )
2025-06-03T13:47:46.675+02:00  WARN 22012 --- [spring-boot-demo] [restartedMain] c.d.s.utils.AvengerNotifier              : Attention new class created:com.debuggeandoideas.spring_boot_demo.components.ThanosComponent
2025-06-03T13:47:46.675+02:00  WARN 22012 --- [spring-boot-demo] [restartedMain] c.d.s.utils.AvengerNotifier              : DANGER START BATTLE!!
2025-06-03T13:47:46.679+02:00  WARN 22012 --- [spring-boot-demo] [restartedMain] c.d.s.utils.AvengerNotifier              : Attention new class created:com.debuggeandoideas.spring_boot_demo.models.PowerStone
2025-06-03T13:47:47.078+02:00  INFO 22012 --- [spring-boot-demo] [restartedMain] o.s.b.d.a.OptionalLiveReloadServer       : LiveReload server is running on port 35729
2025-06-03T13:47:47.123+02:00  INFO 22012 --- [spring-boot-demo] [restartedMain] o.s.b.w.embedded.tomcat.TomcatWebServer  : Tomcat started on port 9090 (http) with context path '/stones'
2025-06-03T13:47:47.133+02:00  INFO 22012 --- [spring-boot-demo] [restartedMain] c.d.s.SpringBootDemoApplication          : Started SpringBootDemoApplication in 2.738 seconds (process running for 3.232)
2025-06-03T13:47:47.243+02:00  INFO 22012 --- [spring-boot-demo] [restartedMain] c.d.s.components.ThanosComponent         : Thanos is using the gauntlet to perform snap in Albania
2025-06-03T13:47:47.243+02:00  INFO 22012 --- [spring-boot-demo] [restartedMain] c.d.s.services.GauntletServiceImpl       : USING ALL POWER
2025-06-03T13:47:47.244+02:00  INFO 22012 --- [spring-boot-demo] [restartedMain] c.d.s.components.ThanosComponent         : Thanos is get make danger points 929
2025-06-03T13:48:03.756+02:00  INFO 19520 --- [spring-boot-demo] [restartedMain] c.d.s.SpringBootDemoApplication          : Starting SpringBootDemoApplication using Java 21.0.6 with PID 19520 (D:\Develop\Curso El Arte de Spring Boot\spring-boot-demo\target\classes started by carlo in D:\Develop\Curso El Arte de Spring Boot\spring-boot-demo)
2025-06-03T13:48:03.759+02:00  INFO 19520 --- [spring-boot-demo] [restartedMain] c.d.s.SpringBootDemoApplication          : No active profile set, falling back to 1 default profile: "default"
2025-06-03T13:48:03.819+02:00  INFO 19520 --- [spring-boot-demo] [restartedMain] .e.DevToolsPropertyDefaultsPostProcessor : Devtools property defaults active! Set 'spring.devtools.add-properties' to 'false' to disable
2025-06-03T13:48:03.820+02:00  INFO 19520 --- [spring-boot-demo] [restartedMain] .e.DevToolsPropertyDefaultsPostProcessor : For additional web related logging consider setting the 'logging.level.web' property to 'DEBUG'
2025-06-03T13:48:05.216+02:00  INFO 19520 --- [spring-boot-demo] [restartedMain] o.s.b.w.embedded.tomcat.TomcatWebServer  : Tomcat initialized with port 9090 (http)
2025-06-03T13:48:05.231+02:00  INFO 19520 --- [spring-boot-demo] [restartedMain] o.apache.catalina.core.StandardService   : Starting service [Tomcat]
2025-06-03T13:48:05.232+02:00  INFO 19520 --- [spring-boot-demo] [restartedMain] o.apache.catalina.core.StandardEngine    : Starting Servlet engine: [Apache Tomcat/10.1.40]
2025-06-03T13:48:05.272+02:00  INFO 19520 --- [spring-boot-demo] [restartedMain] o.a.c.c.C.[.[localhost].[/stones]        : Initializing Spring embedded WebApplicationContext
2025-06-03T13:48:05.272+02:00  INFO 19520 --- [spring-boot-demo] [restartedMain] w.s.c.ServletWebServerApplicationContext : Root WebApplicationContext: initialization completed in 1451 ms
2025-06-03T13:48:05.366+02:00  WARN 19520 --- [spring-boot-demo] [restartedMain] c.d.s.utils.AvengerNotifier              : Attention new class created:com.debuggeandoideas.spring_boot_demo.models.RealityStone
2025-06-03T13:48:05.369+02:00  WARN 19520 --- [spring-boot-demo] [restartedMain] c.d.s.utils.AvengerNotifier              : Attention new class created:com.debuggeandoideas.spring_boot_demo.models.SoulStone
2025-06-03T13:48:05.371+02:00  WARN 19520 --- [spring-boot-demo] [restartedMain] c.d.s.utils.AvengerNotifier              : Attention new class created:com.debuggeandoideas.spring_boot_demo.models.MindStone
2025-06-03T13:48:05.372+02:00  WARN 19520 --- [spring-boot-demo] [restartedMain] c.d.s.utils.AvengerNotifier              : Attention new class created:com.debuggeandoideas.spring_boot_demo.models.PowerStone
2025-06-03T13:48:05.374+02:00  WARN 19520 --- [spring-boot-demo] [restartedMain] c.d.s.utils.AvengerNotifier              : Attention new class created:com.debuggeandoideas.spring_boot_demo.models.SpaceStone
2025-06-03T13:48:05.375+02:00  WARN 19520 --- [spring-boot-demo] [restartedMain] c.d.s.utils.AvengerNotifier              : Attention new class created:com.debuggeandoideas.spring_boot_demo.models.TimeStone
2025-06-03T13:48:05.381+02:00  WARN 19520 --- [spring-boot-demo] [restartedMain] c.d.s.utils.AvengerNotifier              : Attention new class created:com.debuggeandoideas.spring_boot_demo.services.GauntletServiceImpl
2025-06-03T13:48:05.383+02:00  INFO 19520 --- [spring-boot-demo] [restartedMain] c.d.s.components.ThanosComponent         : Loading Thanos with configs: ThanosModel(planet=Titan, galaxy=Andromeda, defaultDestructionLevel=788 )
2025-06-03T13:48:05.384+02:00  WARN 19520 --- [spring-boot-demo] [restartedMain] c.d.s.utils.AvengerNotifier              : Attention new class created:com.debuggeandoideas.spring_boot_demo.components.ThanosComponent
2025-06-03T13:48:05.384+02:00  WARN 19520 --- [spring-boot-demo] [restartedMain] c.d.s.utils.AvengerNotifier              : DANGER START BATTLE!!
2025-06-03T13:48:05.386+02:00  WARN 19520 --- [spring-boot-demo] [restartedMain] c.d.s.utils.AvengerNotifier              : Attention new class created:com.debuggeandoideas.spring_boot_demo.models.PowerStone
2025-06-03T13:48:05.756+02:00  INFO 19520 --- [spring-boot-demo] [restartedMain] o.s.b.d.a.OptionalLiveReloadServer       : LiveReload server is running on port 35729
2025-06-03T13:48:05.796+02:00  INFO 19520 --- [spring-boot-demo] [restartedMain] o.s.b.w.embedded.tomcat.TomcatWebServer  : Tomcat started on port 9090 (http) with context path '/stones'
2025-06-03T13:48:05.807+02:00  INFO 19520 --- [spring-boot-demo] [restartedMain] c.d.s.SpringBootDemoApplication          : Started SpringBootDemoApplication in 2.564 seconds (process running for 3.004)
2025-06-03T13:48:05.940+02:00  INFO 19520 --- [spring-boot-demo] [restartedMain] c.d.s.components.ThanosComponent         : Thanos is using the gauntlet to perform snap in Trinidad and Tobago
2025-06-03T13:48:05.941+02:00  INFO 19520 --- [spring-boot-demo] [restartedMain] c.d.s.services.GauntletServiceImpl       : USING ALL POWER
2025-06-03T13:48:05.941+02:00  INFO 19520 --- [spring-boot-demo] [restartedMain] c.d.s.components.ThanosComponent         : Thanos is get make danger points 838
2025-06-03T13:48:54.844+02:00  INFO 4424 --- [spring-boot-demo] [restartedMain] c.d.s.SpringBootDemoApplication          : Starting SpringBootDemoApplication using Java 21.0.6 with PID 4424 (D:\Develop\Curso El Arte de Spring Boot\spring-boot-demo\target\classes started by carlo in D:\Develop\Curso El Arte de Spring Boot\spring-boot-demo)
2025-06-03T13:48:54.847+02:00  INFO 4424 --- [spring-boot-demo] [restartedMain] c.d.s.SpringBootDemoApplication          : No active profile set, falling back to 1 default profile: "default"
2025-06-03T13:48:54.912+02:00  INFO 4424 --- [spring-boot-demo] [restartedMain] .e.DevToolsPropertyDefaultsPostProcessor : Devtools property defaults active! Set 'spring.devtools.add-properties' to 'false' to disable
2025-06-03T13:48:54.912+02:00  INFO 4424 --- [spring-boot-demo] [restartedMain] .e.DevToolsPropertyDefaultsPostProcessor : For additional web related logging consider setting the 'logging.level.web' property to 'DEBUG'
2025-06-03T13:48:56.216+02:00  INFO 4424 --- [spring-boot-demo] [restartedMain] o.s.b.w.embedded.tomcat.TomcatWebServer  : Tomcat initialized with port 9090 (http)
2025-06-03T13:48:56.233+02:00  INFO 4424 --- [spring-boot-demo] [restartedMain] o.apache.catalina.core.StandardService   : Starting service [Tomcat]
2025-06-03T13:48:56.233+02:00  INFO 4424 --- [spring-boot-demo] [restartedMain] o.apache.catalina.core.StandardEngine    : Starting Servlet engine: [Apache Tomcat/10.1.40]
2025-06-03T13:48:56.274+02:00  INFO 4424 --- [spring-boot-demo] [restartedMain] o.a.c.c.C.[.[localhost].[/stones]        : Initializing Spring embedded WebApplicationContext
2025-06-03T13:48:56.275+02:00  INFO 4424 --- [spring-boot-demo] [restartedMain] w.s.c.ServletWebServerApplicationContext : Root WebApplicationContext: initialization completed in 1362 ms
2025-06-03T13:48:56.358+02:00  WARN 4424 --- [spring-boot-demo] [restartedMain] c.d.s.utils.AvengerNotifier              : Attention new class created:com.debuggeandoideas.spring_boot_demo.models.RealityStone
2025-06-03T13:48:56.361+02:00  WARN 4424 --- [spring-boot-demo] [restartedMain] c.d.s.utils.AvengerNotifier              : Attention new class created:com.debuggeandoideas.spring_boot_demo.models.SoulStone
2025-06-03T13:48:56.362+02:00  WARN 4424 --- [spring-boot-demo] [restartedMain] c.d.s.utils.AvengerNotifier              : Attention new class created:com.debuggeandoideas.spring_boot_demo.models.MindStone
2025-06-03T13:48:56.363+02:00  WARN 4424 --- [spring-boot-demo] [restartedMain] c.d.s.utils.AvengerNotifier              : Attention new class created:com.debuggeandoideas.spring_boot_demo.models.PowerStone
2025-06-03T13:48:56.363+02:00  WARN 4424 --- [spring-boot-demo] [restartedMain] c.d.s.utils.AvengerNotifier              : Attention new class created:com.debuggeandoideas.spring_boot_demo.models.SpaceStone
2025-06-03T13:48:56.365+02:00  WARN 4424 --- [spring-boot-demo] [restartedMain] c.d.s.utils.AvengerNotifier              : Attention new class created:com.debuggeandoideas.spring_boot_demo.models.TimeStone
2025-06-03T13:48:56.368+02:00  WARN 4424 --- [spring-boot-demo] [restartedMain] c.d.s.utils.AvengerNotifier              : Attention new class created:com.debuggeandoideas.spring_boot_demo.services.GauntletServiceImpl
2025-06-03T13:48:56.371+02:00  INFO 4424 --- [spring-boot-demo] [restartedMain] c.d.s.components.ThanosComponent         : Loading Thanos with configs: ThanosModel(planet=Titan, galaxy=Andromeda, defaultDestructionLevel=788 )
2025-06-03T13:48:56.371+02:00  WARN 4424 --- [spring-boot-demo] [restartedMain] c.d.s.utils.AvengerNotifier              : Attention new class created:com.debuggeandoideas.spring_boot_demo.components.ThanosComponent
2025-06-03T13:48:56.372+02:00  WARN 4424 --- [spring-boot-demo] [restartedMain] c.d.s.utils.AvengerNotifier              : DANGER START BATTLE!!
2025-06-03T13:48:56.376+02:00  WARN 4424 --- [spring-boot-demo] [restartedMain] c.d.s.utils.AvengerNotifier              : Attention new class created:com.debuggeandoideas.spring_boot_demo.models.PowerStone
2025-06-03T13:48:56.688+02:00  INFO 4424 --- [spring-boot-demo] [restartedMain] o.s.b.d.a.OptionalLiveReloadServer       : LiveReload server is running on port 35729
2025-06-03T13:48:56.728+02:00  INFO 4424 --- [spring-boot-demo] [restartedMain] o.s.b.w.embedded.tomcat.TomcatWebServer  : Tomcat started on port 9090 (http) with context path '/stones'
2025-06-03T13:48:56.740+02:00  INFO 4424 --- [spring-boot-demo] [restartedMain] c.d.s.SpringBootDemoApplication          : Started SpringBootDemoApplication in 2.426 seconds (process running for 2.897)
2025-06-03T13:48:56.863+02:00  INFO 4424 --- [spring-boot-demo] [restartedMain] c.d.s.components.ThanosComponent         : Thanos is using the gauntlet to perform snap in Nigeria
2025-06-03T13:48:56.864+02:00  INFO 4424 --- [spring-boot-demo] [restartedMain] c.d.s.services.GauntletServiceImpl       : USING ALL POWER
2025-06-03T13:48:56.864+02:00  INFO 4424 --- [spring-boot-demo] [restartedMain] c.d.s.components.ThanosComponent         : Thanos is get make danger points 839
2025-06-03T13:49:07.515+02:00  INFO 10324 --- [spring-boot-demo] [restartedMain] c.d.s.SpringBootDemoApplication          : Starting SpringBootDemoApplication using Java 21.0.6 with PID 10324 (D:\Develop\Curso El Arte de Spring Boot\spring-boot-demo\target\classes started by carlo in D:\Develop\Curso El Arte de Spring Boot\spring-boot-demo)
2025-06-03T13:49:07.518+02:00  INFO 10324 --- [spring-boot-demo] [restartedMain] c.d.s.SpringBootDemoApplication          : No active profile set, falling back to 1 default profile: "default"
2025-06-03T13:49:07.592+02:00  INFO 10324 --- [spring-boot-demo] [restartedMain] .e.DevToolsPropertyDefaultsPostProcessor : Devtools property defaults active! Set 'spring.devtools.add-properties' to 'false' to disable
2025-06-03T13:49:07.592+02:00  INFO 10324 --- [spring-boot-demo] [restartedMain] .e.DevToolsPropertyDefaultsPostProcessor : For additional web related logging consider setting the 'logging.level.web' property to 'DEBUG'
2025-06-03T13:49:08.883+02:00  INFO 10324 --- [spring-boot-demo] [restartedMain] o.s.b.w.embedded.tomcat.TomcatWebServer  : Tomcat initialized with port 9090 (http)
2025-06-03T13:49:08.898+02:00  INFO 10324 --- [spring-boot-demo] [restartedMain] o.apache.catalina.core.StandardService   : Starting service [Tomcat]
2025-06-03T13:49:08.899+02:00  INFO 10324 --- [spring-boot-demo] [restartedMain] o.apache.catalina.core.StandardEngine    : Starting Servlet engine: [Apache Tomcat/10.1.40]
2025-06-03T13:49:08.938+02:00  INFO 10324 --- [spring-boot-demo] [restartedMain] o.a.c.c.C.[.[localhost].[/stones]        : Initializing Spring embedded WebApplicationContext
2025-06-03T13:49:08.939+02:00  INFO 10324 --- [spring-boot-demo] [restartedMain] w.s.c.ServletWebServerApplicationContext : Root WebApplicationContext: initialization completed in 1346 ms
2025-06-03T13:49:09.039+02:00  WARN 10324 --- [spring-boot-demo] [restartedMain] c.d.s.utils.AvengerNotifier              : Attention new class created:com.debuggeandoideas.spring_boot_demo.models.RealityStone
2025-06-03T13:49:09.043+02:00  WARN 10324 --- [spring-boot-demo] [restartedMain] c.d.s.utils.AvengerNotifier              : Attention new class created:com.debuggeandoideas.spring_boot_demo.models.SoulStone
2025-06-03T13:49:09.045+02:00  WARN 10324 --- [spring-boot-demo] [restartedMain] c.d.s.utils.AvengerNotifier              : Attention new class created:com.debuggeandoideas.spring_boot_demo.models.MindStone
2025-06-03T13:49:09.046+02:00  WARN 10324 --- [spring-boot-demo] [restartedMain] c.d.s.utils.AvengerNotifier              : Attention new class created:com.debuggeandoideas.spring_boot_demo.models.PowerStone
2025-06-03T13:49:09.047+02:00  WARN 10324 --- [spring-boot-demo] [restartedMain] c.d.s.utils.AvengerNotifier              : Attention new class created:com.debuggeandoideas.spring_boot_demo.models.SpaceStone
2025-06-03T13:49:09.048+02:00  WARN 10324 --- [spring-boot-demo] [restartedMain] c.d.s.utils.AvengerNotifier              : Attention new class created:com.debuggeandoideas.spring_boot_demo.models.TimeStone
2025-06-03T13:49:09.052+02:00  WARN 10324 --- [spring-boot-demo] [restartedMain] c.d.s.utils.AvengerNotifier              : Attention new class created:com.debuggeandoideas.spring_boot_demo.services.GauntletServiceImpl
2025-06-03T13:49:09.054+02:00  INFO 10324 --- [spring-boot-demo] [restartedMain] c.d.s.components.ThanosComponent         : Loading Thanos with configs: ThanosModel(planet=Titan, galaxy=Andromeda, defaultDestructionLevel=788 )
2025-06-03T13:49:09.055+02:00  WARN 10324 --- [spring-boot-demo] [restartedMain] c.d.s.utils.AvengerNotifier              : Attention new class created:com.debuggeandoideas.spring_boot_demo.components.ThanosComponent
2025-06-03T13:49:09.055+02:00  WARN 10324 --- [spring-boot-demo] [restartedMain] c.d.s.utils.AvengerNotifier              : DANGER START BATTLE!!
2025-06-03T13:49:09.060+02:00  WARN 10324 --- [spring-boot-demo] [restartedMain] c.d.s.utils.AvengerNotifier              : Attention new class created:com.debuggeandoideas.spring_boot_demo.models.PowerStone
2025-06-03T13:49:09.386+02:00  WARN 10324 --- [spring-boot-demo] [restartedMain] o.s.b.d.a.OptionalLiveReloadServer       : Unable to start LiveReload server
2025-06-03T13:49:09.405+02:00  WARN 10324 --- [spring-boot-demo] [restartedMain] ConfigServletWebServerApplicationContext : Exception encountered during context initialization - cancelling refresh attempt: org.springframework.context.ApplicationContextException: Failed to start bean 'webServerStartStop'
2025-06-03T13:49:09.408+02:00  WARN 10324 --- [spring-boot-demo] [restartedMain] c.d.s.components.ThanosComponent         : BATTLE END
2025-06-03T13:49:09.408+02:00  INFO 10324 --- [spring-boot-demo] [restartedMain] c.d.s.utils.AvengerNotifier              : Gauntlet was destroyed
2025-06-03T13:49:09.479+02:00  INFO 10324 --- [spring-boot-demo] [restartedMain] .s.b.a.l.ConditionEvaluationReportLogger : 

Error starting ApplicationContext. To display the condition evaluation report re-run your application with 'debug' enabled.
2025-06-03T13:49:09.500+02:00 ERROR 10324 --- [spring-boot-demo] [restartedMain] o.s.b.d.LoggingFailureAnalysisReporter   : 

***************************
APPLICATION FAILED TO START
***************************

Description:

Web server failed to start. Port 9090 was already in use.

Action:

Identify and stop the process that's listening on port 9090 or configure this application to listen on another port.

2025-06-03T14:14:06.781+02:00  INFO 2168 --- [spring-boot-demo] [restartedMain] c.d.s.SpringBootDemoApplication          : Starting SpringBootDemoApplication using Java 21.0.6 with PID 2168 (D:\Develop\Curso El Arte de Spring Boot\spring-boot-demo\target\classes started by carlo in D:\Develop\Curso El Arte de Spring Boot\spring-boot-demo)
2025-06-03T14:14:06.782+02:00  INFO 2168 --- [spring-boot-demo] [restartedMain] c.d.s.SpringBootDemoApplication          : No active profile set, falling back to 1 default profile: "default"
2025-06-03T14:14:06.850+02:00  INFO 2168 --- [spring-boot-demo] [restartedMain] .e.DevToolsPropertyDefaultsPostProcessor : Devtools property defaults active! Set 'spring.devtools.add-properties' to 'false' to disable
2025-06-03T14:14:06.850+02:00  INFO 2168 --- [spring-boot-demo] [restartedMain] .e.DevToolsPropertyDefaultsPostProcessor : For additional web related logging consider setting the 'logging.level.web' property to 'DEBUG'
2025-06-03T14:14:08.315+02:00  INFO 2168 --- [spring-boot-demo] [restartedMain] o.s.b.w.embedded.tomcat.TomcatWebServer  : Tomcat initialized with port 9090 (http)
2025-06-03T14:14:08.334+02:00  INFO 2168 --- [spring-boot-demo] [restartedMain] o.apache.catalina.core.StandardService   : Starting service [Tomcat]
2025-06-03T14:14:08.335+02:00  INFO 2168 --- [spring-boot-demo] [restartedMain] o.apache.catalina.core.StandardEngine    : Starting Servlet engine: [Apache Tomcat/10.1.40]
2025-06-03T14:14:08.406+02:00  INFO 2168 --- [spring-boot-demo] [restartedMain] o.a.c.c.C.[.[localhost].[/stones]        : Initializing Spring embedded WebApplicationContext
2025-06-03T14:14:08.406+02:00  INFO 2168 --- [spring-boot-demo] [restartedMain] w.s.c.ServletWebServerApplicationContext : Root WebApplicationContext: initialization completed in 1555 ms
2025-06-03T14:14:08.535+02:00  WARN 2168 --- [spring-boot-demo] [restartedMain] c.d.s.utils.AvengerNotifier              : Attention new class created:com.debuggeandoideas.spring_boot_demo.models.RealityStone
2025-06-03T14:14:08.540+02:00  WARN 2168 --- [spring-boot-demo] [restartedMain] c.d.s.utils.AvengerNotifier              : Attention new class created:com.debuggeandoideas.spring_boot_demo.models.SoulStone
2025-06-03T14:14:08.542+02:00  WARN 2168 --- [spring-boot-demo] [restartedMain] c.d.s.utils.AvengerNotifier              : Attention new class created:com.debuggeandoideas.spring_boot_demo.models.MindStone
2025-06-03T14:14:08.544+02:00  WARN 2168 --- [spring-boot-demo] [restartedMain] c.d.s.utils.AvengerNotifier              : Attention new class created:com.debuggeandoideas.spring_boot_demo.models.PowerStone
2025-06-03T14:14:08.546+02:00  WARN 2168 --- [spring-boot-demo] [restartedMain] c.d.s.utils.AvengerNotifier              : Attention new class created:com.debuggeandoideas.spring_boot_demo.models.SpaceStone
2025-06-03T14:14:08.547+02:00  WARN 2168 --- [spring-boot-demo] [restartedMain] c.d.s.utils.AvengerNotifier              : Attention new class created:com.debuggeandoideas.spring_boot_demo.models.TimeStone
2025-06-03T14:14:08.552+02:00  WARN 2168 --- [spring-boot-demo] [restartedMain] c.d.s.utils.AvengerNotifier              : Attention new class created:com.debuggeandoideas.spring_boot_demo.services.GauntletServiceImpl
2025-06-03T14:14:08.558+02:00  INFO 2168 --- [spring-boot-demo] [restartedMain] c.d.s.components.ThanosComponent         : Loading Thanos with configs: ThanosModel(planet=Titan, galaxy=Andromeda, defaultDestructionLevel=788 )
2025-06-03T14:14:08.560+02:00  WARN 2168 --- [spring-boot-demo] [restartedMain] c.d.s.utils.AvengerNotifier              : Attention new class created:com.debuggeandoideas.spring_boot_demo.components.ThanosComponent
2025-06-03T14:14:08.560+02:00  WARN 2168 --- [spring-boot-demo] [restartedMain] c.d.s.utils.AvengerNotifier              : DANGER START BATTLE!!
2025-06-03T14:14:08.565+02:00  WARN 2168 --- [spring-boot-demo] [restartedMain] c.d.s.utils.AvengerNotifier              : Attention new class created:com.debuggeandoideas.spring_boot_demo.models.PowerStone
2025-06-03T14:14:08.970+02:00  INFO 2168 --- [spring-boot-demo] [restartedMain] o.s.b.d.a.OptionalLiveReloadServer       : LiveReload server is running on port 35729
2025-06-03T14:14:09.053+02:00  INFO 2168 --- [spring-boot-demo] [restartedMain] o.s.b.w.embedded.tomcat.TomcatWebServer  : Tomcat started on port 9090 (http) with context path '/stones'
2025-06-03T14:14:09.070+02:00  INFO 2168 --- [spring-boot-demo] [restartedMain] c.d.s.SpringBootDemoApplication          : Started SpringBootDemoApplication in 2.947 seconds (process running for 3.454)
2025-06-03T14:14:09.197+02:00  INFO 2168 --- [spring-boot-demo] [restartedMain] c.d.s.components.ThanosComponent         : Thanos is using the gauntlet to perform snap in Nigeria
2025-06-03T14:14:09.198+02:00  INFO 2168 --- [spring-boot-demo] [restartedMain] c.d.s.services.GauntletServiceImpl       : USING ALL POWER
2025-06-03T14:14:09.198+02:00  INFO 2168 --- [spring-boot-demo] [restartedMain] c.d.s.components.ThanosComponent         : Thanos is get make danger points 491
2025-06-03T14:14:36.030+02:00  INFO 2168 --- [spring-boot-demo] [File Watcher] rtingClassPathChangeChangedEventListener : Restarting due to 1 class path change (0 additions, 0 deletions, 1 modification)
2025-06-03T14:14:36.033+02:00  INFO 2168 --- [spring-boot-demo] [Thread-5] o.s.b.w.e.tomcat.GracefulShutdown        : Commencing graceful shutdown. Waiting for active requests to complete
2025-06-03T14:14:36.053+02:00  INFO 2168 --- [spring-boot-demo] [tomcat-shutdown] o.s.b.w.e.tomcat.GracefulShutdown        : Graceful shutdown complete
2025-06-03T14:14:36.058+02:00  WARN 2168 --- [spring-boot-demo] [Thread-5] c.d.s.components.ThanosComponent         : BATTLE END
2025-06-03T14:14:36.058+02:00  INFO 2168 --- [spring-boot-demo] [Thread-5] c.d.s.utils.AvengerNotifier              : Gauntlet was destroyed
2025-06-03T14:14:36.164+02:00  INFO 2168 --- [spring-boot-demo] [restartedMain] c.d.s.SpringBootDemoApplication          : Starting SpringBootDemoApplication using Java 21.0.6 with PID 2168 (D:\Develop\Curso El Arte de Spring Boot\spring-boot-demo\target\classes started by carlo in D:\Develop\Curso El Arte de Spring Boot\spring-boot-demo)
2025-06-03T14:14:36.164+02:00  INFO 2168 --- [spring-boot-demo] [restartedMain] c.d.s.SpringBootDemoApplication          : No active profile set, falling back to 1 default profile: "default"
2025-06-03T14:14:36.776+02:00  INFO 2168 --- [spring-boot-demo] [restartedMain] o.s.b.w.embedded.tomcat.TomcatWebServer  : Tomcat initialized with port 9090 (http)
2025-06-03T14:14:36.779+02:00  INFO 2168 --- [spring-boot-demo] [restartedMain] o.apache.catalina.core.StandardService   : Starting service [Tomcat]
2025-06-03T14:14:36.780+02:00  INFO 2168 --- [spring-boot-demo] [restartedMain] o.apache.catalina.core.StandardEngine    : Starting Servlet engine: [Apache Tomcat/10.1.40]
2025-06-03T14:14:36.816+02:00  INFO 2168 --- [spring-boot-demo] [restartedMain] o.a.c.c.C.[.[localhost].[/stones]        : Initializing Spring embedded WebApplicationContext
2025-06-03T14:14:36.816+02:00  INFO 2168 --- [spring-boot-demo] [restartedMain] w.s.c.ServletWebServerApplicationContext : Root WebApplicationContext: initialization completed in 649 ms
2025-06-03T14:14:36.843+02:00  WARN 2168 --- [spring-boot-demo] [restartedMain] c.d.s.utils.AvengerNotifier              : Attention new class created:com.debuggeandoideas.spring_boot_demo.models.RealityStone
2025-06-03T14:14:36.845+02:00  WARN 2168 --- [spring-boot-demo] [restartedMain] c.d.s.utils.AvengerNotifier              : Attention new class created:com.debuggeandoideas.spring_boot_demo.models.SoulStone
2025-06-03T14:14:36.847+02:00  WARN 2168 --- [spring-boot-demo] [restartedMain] c.d.s.utils.AvengerNotifier              : Attention new class created:com.debuggeandoideas.spring_boot_demo.models.MindStone
2025-06-03T14:14:36.849+02:00  WARN 2168 --- [spring-boot-demo] [restartedMain] c.d.s.utils.AvengerNotifier              : Attention new class created:com.debuggeandoideas.spring_boot_demo.models.PowerStone
2025-06-03T14:14:36.851+02:00  WARN 2168 --- [spring-boot-demo] [restartedMain] c.d.s.utils.AvengerNotifier              : Attention new class created:com.debuggeandoideas.spring_boot_demo.models.SpaceStone
2025-06-03T14:14:36.854+02:00  WARN 2168 --- [spring-boot-demo] [restartedMain] c.d.s.utils.AvengerNotifier              : Attention new class created:com.debuggeandoideas.spring_boot_demo.models.TimeStone
2025-06-03T14:14:36.855+02:00  WARN 2168 --- [spring-boot-demo] [restartedMain] c.d.s.utils.AvengerNotifier              : Attention new class created:com.debuggeandoideas.spring_boot_demo.services.GauntletServiceImpl
2025-06-03T14:14:36.858+02:00  INFO 2168 --- [spring-boot-demo] [restartedMain] c.d.s.components.ThanosComponent         : Loading Thanos with configs: ThanosModel(planet=Titan, galaxy=Andromeda, defaultDestructionLevel=788 )
2025-06-03T14:14:36.859+02:00  WARN 2168 --- [spring-boot-demo] [restartedMain] c.d.s.utils.AvengerNotifier              : Attention new class created:com.debuggeandoideas.spring_boot_demo.components.ThanosComponent
2025-06-03T14:14:36.860+02:00  WARN 2168 --- [spring-boot-demo] [restartedMain] c.d.s.utils.AvengerNotifier              : DANGER START BATTLE!!
2025-06-03T14:14:36.862+02:00  WARN 2168 --- [spring-boot-demo] [restartedMain] c.d.s.utils.AvengerNotifier              : Attention new class created:com.debuggeandoideas.spring_boot_demo.models.PowerStone
2025-06-03T14:14:37.028+02:00  INFO 2168 --- [spring-boot-demo] [restartedMain] o.s.b.d.a.OptionalLiveReloadServer       : LiveReload server is running on port 35729
2025-06-03T14:14:37.042+02:00  INFO 2168 --- [spring-boot-demo] [restartedMain] o.s.b.w.embedded.tomcat.TomcatWebServer  : Tomcat started on port 9090 (http) with context path '/stones'
2025-06-03T14:14:37.047+02:00  INFO 2168 --- [spring-boot-demo] [restartedMain] c.d.s.SpringBootDemoApplication          : Started SpringBootDemoApplication in 0.925 seconds (process running for 31.431)
2025-06-03T14:14:37.051+02:00  INFO 2168 --- [spring-boot-demo] [restartedMain] .ConditionEvaluationDeltaLoggingListener : Condition evaluation unchanged
2025-06-03T14:14:43.208+02:00  INFO 5208 --- [spring-boot-demo] [restartedMain] c.d.s.SpringBootDemoApplication          : Starting SpringBootDemoApplication using Java 21.0.6 with PID 5208 (D:\Develop\Curso El Arte de Spring Boot\spring-boot-demo\target\classes started by carlo in D:\Develop\Curso El Arte de Spring Boot\spring-boot-demo)
2025-06-03T14:14:43.213+02:00  INFO 5208 --- [spring-boot-demo] [restartedMain] c.d.s.SpringBootDemoApplication          : No active profile set, falling back to 1 default profile: "default"
2025-06-03T14:14:43.305+02:00  INFO 5208 --- [spring-boot-demo] [restartedMain] .e.DevToolsPropertyDefaultsPostProcessor : Devtools property defaults active! Set 'spring.devtools.add-properties' to 'false' to disable
2025-06-03T14:14:43.306+02:00  INFO 5208 --- [spring-boot-demo] [restartedMain] .e.DevToolsPropertyDefaultsPostProcessor : For additional web related logging consider setting the 'logging.level.web' property to 'DEBUG'
2025-06-03T14:14:44.762+02:00  INFO 5208 --- [spring-boot-demo] [restartedMain] o.s.b.w.embedded.tomcat.TomcatWebServer  : Tomcat initialized with port 9090 (http)
2025-06-03T14:14:44.776+02:00  INFO 5208 --- [spring-boot-demo] [restartedMain] o.apache.catalina.core.StandardService   : Starting service [Tomcat]
2025-06-03T14:14:44.776+02:00  INFO 5208 --- [spring-boot-demo] [restartedMain] o.apache.catalina.core.StandardEngine    : Starting Servlet engine: [Apache Tomcat/10.1.40]
2025-06-03T14:14:44.820+02:00  INFO 5208 --- [spring-boot-demo] [restartedMain] o.a.c.c.C.[.[localhost].[/stones]        : Initializing Spring embedded WebApplicationContext
2025-06-03T14:14:44.821+02:00  INFO 5208 --- [spring-boot-demo] [restartedMain] w.s.c.ServletWebServerApplicationContext : Root WebApplicationContext: initialization completed in 1513 ms
2025-06-03T14:14:44.913+02:00  WARN 5208 --- [spring-boot-demo] [restartedMain] c.d.s.utils.AvengerNotifier              : Attention new class created:com.debuggeandoideas.spring_boot_demo.models.RealityStone
2025-06-03T14:14:44.917+02:00  WARN 5208 --- [spring-boot-demo] [restartedMain] c.d.s.utils.AvengerNotifier              : Attention new class created:com.debuggeandoideas.spring_boot_demo.models.SoulStone
2025-06-03T14:14:44.919+02:00  WARN 5208 --- [spring-boot-demo] [restartedMain] c.d.s.utils.AvengerNotifier              : Attention new class created:com.debuggeandoideas.spring_boot_demo.models.MindStone
2025-06-03T14:14:44.920+02:00  WARN 5208 --- [spring-boot-demo] [restartedMain] c.d.s.utils.AvengerNotifier              : Attention new class created:com.debuggeandoideas.spring_boot_demo.models.PowerStone
2025-06-03T14:14:44.922+02:00  WARN 5208 --- [spring-boot-demo] [restartedMain] c.d.s.utils.AvengerNotifier              : Attention new class created:com.debuggeandoideas.spring_boot_demo.models.SpaceStone
2025-06-03T14:14:44.925+02:00  WARN 5208 --- [spring-boot-demo] [restartedMain] c.d.s.utils.AvengerNotifier              : Attention new class created:com.debuggeandoideas.spring_boot_demo.models.TimeStone
2025-06-03T14:14:44.929+02:00  WARN 5208 --- [spring-boot-demo] [restartedMain] c.d.s.utils.AvengerNotifier              : Attention new class created:com.debuggeandoideas.spring_boot_demo.services.GauntletServiceImpl
2025-06-03T14:14:44.932+02:00  INFO 5208 --- [spring-boot-demo] [restartedMain] c.d.s.components.ThanosComponent         : Loading Thanos with configs: ThanosModel(planet=Titan, galaxy=Andromeda, defaultDestructionLevel=788 )
2025-06-03T14:14:44.932+02:00  WARN 5208 --- [spring-boot-demo] [restartedMain] c.d.s.utils.AvengerNotifier              : Attention new class created:com.debuggeandoideas.spring_boot_demo.components.ThanosComponent
2025-06-03T14:14:44.933+02:00  WARN 5208 --- [spring-boot-demo] [restartedMain] c.d.s.utils.AvengerNotifier              : DANGER START BATTLE!!
2025-06-03T14:14:44.937+02:00  WARN 5208 --- [spring-boot-demo] [restartedMain] c.d.s.utils.AvengerNotifier              : Attention new class created:com.debuggeandoideas.spring_boot_demo.models.PowerStone
2025-06-03T14:14:45.271+02:00  INFO 5208 --- [spring-boot-demo] [restartedMain] o.s.b.d.a.OptionalLiveReloadServer       : LiveReload server is running on port 35729
2025-06-03T14:14:45.314+02:00  INFO 5208 --- [spring-boot-demo] [restartedMain] o.s.b.w.embedded.tomcat.TomcatWebServer  : Tomcat started on port 9090 (http) with context path '/stones'
2025-06-03T14:14:45.323+02:00  INFO 5208 --- [spring-boot-demo] [restartedMain] c.d.s.SpringBootDemoApplication          : Started SpringBootDemoApplication in 2.914 seconds (process running for 3.444)
2025-06-03T14:17:00.450+02:00  INFO 3336 --- [spring-boot-demo] [restartedMain] c.d.s.SpringBootDemoApplication          : Starting SpringBootDemoApplication using Java 21.0.6 with PID 3336 (D:\Develop\Curso El Arte de Spring Boot\spring-boot-demo\target\classes started by carlo in D:\Develop\Curso El Arte de Spring Boot\spring-boot-demo)
2025-06-03T14:17:00.456+02:00  INFO 3336 --- [spring-boot-demo] [restartedMain] c.d.s.SpringBootDemoApplication          : No active profile set, falling back to 1 default profile: "default"
2025-06-03T14:17:00.564+02:00  INFO 3336 --- [spring-boot-demo] [restartedMain] .e.DevToolsPropertyDefaultsPostProcessor : Devtools property defaults active! Set 'spring.devtools.add-properties' to 'false' to disable
2025-06-03T14:17:00.565+02:00  INFO 3336 --- [spring-boot-demo] [restartedMain] .e.DevToolsPropertyDefaultsPostProcessor : For additional web related logging consider setting the 'logging.level.web' property to 'DEBUG'
2025-06-03T14:17:02.206+02:00  INFO 3336 --- [spring-boot-demo] [restartedMain] o.s.b.w.embedded.tomcat.TomcatWebServer  : Tomcat initialized with port 9090 (http)
2025-06-03T14:17:02.224+02:00  INFO 3336 --- [spring-boot-demo] [restartedMain] o.apache.catalina.core.StandardService   : Starting service [Tomcat]
2025-06-03T14:17:02.224+02:00  INFO 3336 --- [spring-boot-demo] [restartedMain] o.apache.catalina.core.StandardEngine    : Starting Servlet engine: [Apache Tomcat/10.1.40]
2025-06-03T14:17:02.271+02:00  INFO 3336 --- [spring-boot-demo] [restartedMain] o.a.c.c.C.[.[localhost].[/stones]        : Initializing Spring embedded WebApplicationContext
2025-06-03T14:17:02.271+02:00  INFO 3336 --- [spring-boot-demo] [restartedMain] w.s.c.ServletWebServerApplicationContext : Root WebApplicationContext: initialization completed in 1706 ms
2025-06-03T14:17:02.480+02:00  INFO 3336 --- [spring-boot-demo] [restartedMain] o.s.b.w.embedded.tomcat.TomcatWebServer  : Tomcat started on port 9090 (http) with context path '/stones'
2025-06-03T14:17:02.492+02:00  INFO 3336 --- [spring-boot-demo] [restartedMain] o.s.b.d.a.OptionalLiveReloadServer       : LiveReload server is running on port 35729
2025-06-03T14:17:02.721+02:00  INFO 3336 --- [spring-boot-demo] [restartedMain] c.d.s.SpringBootDemoApplication          : Started SpringBootDemoApplication in 3.092 seconds (process running for 3.642)
2025-06-03T14:17:02.749+02:00  WARN 3336 --- [spring-boot-demo] [restartedMain] c.d.s.utils.AvengerNotifier              : Attention new class created:com.debuggeandoideas.spring_boot_demo.models.RealityStone
2025-06-03T14:17:02.751+02:00  WARN 3336 --- [spring-boot-demo] [restartedMain] c.d.s.utils.AvengerNotifier              : Attention new class created:com.debuggeandoideas.spring_boot_demo.models.SoulStone
2025-06-03T14:17:02.752+02:00  WARN 3336 --- [spring-boot-demo] [restartedMain] c.d.s.utils.AvengerNotifier              : Attention new class created:com.debuggeandoideas.spring_boot_demo.models.MindStone
2025-06-03T14:17:02.752+02:00  WARN 3336 --- [spring-boot-demo] [restartedMain] c.d.s.utils.AvengerNotifier              : Attention new class created:com.debuggeandoideas.spring_boot_demo.models.PowerStone
2025-06-03T14:17:02.755+02:00  WARN 3336 --- [spring-boot-demo] [restartedMain] c.d.s.utils.AvengerNotifier              : Attention new class created:com.debuggeandoideas.spring_boot_demo.models.SpaceStone
2025-06-03T14:17:02.757+02:00  WARN 3336 --- [spring-boot-demo] [restartedMain] c.d.s.utils.AvengerNotifier              : Attention new class created:com.debuggeandoideas.spring_boot_demo.models.TimeStone
2025-06-03T14:17:02.760+02:00  WARN 3336 --- [spring-boot-demo] [restartedMain] c.d.s.utils.AvengerNotifier              : Attention new class created:com.debuggeandoideas.spring_boot_demo.services.GauntletServiceImpl
2025-06-03T14:17:02.762+02:00  INFO 3336 --- [spring-boot-demo] [restartedMain] c.d.s.components.ThanosComponent         : Loading Thanos with configs: ThanosModel(planet=Titan, galaxy=Andromeda, defaultDestructionLevel=788 )
2025-06-03T14:17:02.763+02:00  WARN 3336 --- [spring-boot-demo] [restartedMain] c.d.s.utils.AvengerNotifier              : Attention new class created:com.debuggeandoideas.spring_boot_demo.components.ThanosComponent
2025-06-03T14:17:02.763+02:00  WARN 3336 --- [spring-boot-demo] [restartedMain] c.d.s.utils.AvengerNotifier              : DANGER START BATTLE!!
2025-06-03T14:17:27.851+02:00  INFO 21048 --- [spring-boot-demo] [restartedMain] c.d.s.SpringBootDemoApplication          : Starting SpringBootDemoApplication using Java 21.0.6 with PID 21048 (D:\Develop\Curso El Arte de Spring Boot\spring-boot-demo\target\classes started by carlo in D:\Develop\Curso El Arte de Spring Boot\spring-boot-demo)
2025-06-03T14:17:27.855+02:00  INFO 21048 --- [spring-boot-demo] [restartedMain] c.d.s.SpringBootDemoApplication          : No active profile set, falling back to 1 default profile: "default"
2025-06-03T14:17:27.930+02:00  INFO 21048 --- [spring-boot-demo] [restartedMain] .e.DevToolsPropertyDefaultsPostProcessor : Devtools property defaults active! Set 'spring.devtools.add-properties' to 'false' to disable
2025-06-03T14:17:27.931+02:00  INFO 21048 --- [spring-boot-demo] [restartedMain] .e.DevToolsPropertyDefaultsPostProcessor : For additional web related logging consider setting the 'logging.level.web' property to 'DEBUG'
2025-06-03T14:17:29.194+02:00  INFO 21048 --- [spring-boot-demo] [restartedMain] o.s.b.w.embedded.tomcat.TomcatWebServer  : Tomcat initialized with port 9090 (http)
2025-06-03T14:17:29.208+02:00  INFO 21048 --- [spring-boot-demo] [restartedMain] o.apache.catalina.core.StandardService   : Starting service [Tomcat]
2025-06-03T14:17:29.209+02:00  INFO 21048 --- [spring-boot-demo] [restartedMain] o.apache.catalina.core.StandardEngine    : Starting Servlet engine: [Apache Tomcat/10.1.40]
2025-06-03T14:17:29.252+02:00  INFO 21048 --- [spring-boot-demo] [restartedMain] o.a.c.c.C.[.[localhost].[/stones]        : Initializing Spring embedded WebApplicationContext
2025-06-03T14:17:29.254+02:00  INFO 21048 --- [spring-boot-demo] [restartedMain] w.s.c.ServletWebServerApplicationContext : Root WebApplicationContext: initialization completed in 1323 ms
2025-06-03T14:17:29.428+02:00  INFO 21048 --- [spring-boot-demo] [restartedMain] o.s.b.w.embedded.tomcat.TomcatWebServer  : Tomcat started on port 9090 (http) with context path '/stones'
2025-06-03T14:17:29.438+02:00  INFO 21048 --- [spring-boot-demo] [restartedMain] o.s.b.d.a.OptionalLiveReloadServer       : LiveReload server is running on port 35729
2025-06-03T14:17:29.618+02:00  INFO 21048 --- [spring-boot-demo] [restartedMain] c.d.s.SpringBootDemoApplication          : Started SpringBootDemoApplication in 2.296 seconds (process running for 2.746)
